TN:
SF:app.js
FN:66,(anonymous_0)
FN:72,(anonymous_1)
FN:78,(anonymous_2)
FN:88,(anonymous_3)
FN:99,(anonymous_4)
FN:103,(anonymous_5)
FN:114,(anonymous_6)
FN:117,(anonymous_7)
FNF:8
FNH:0
FNDA:0,(anonymous_0)
FNDA:0,(anonymous_1)
FNDA:0,(anonymous_2)
FNDA:0,(anonymous_3)
FNDA:0,(anonymous_4)
FNDA:0,(anonymous_5)
FNDA:0,(anonymous_6)
FNDA:0,(anonymous_7)
DA:2,1
DA:3,1
DA:4,1
DA:5,1
DA:6,1
DA:7,1
DA:8,1
DA:9,1
DA:10,1
DA:11,1
DA:12,1
DA:13,1
DA:14,1
DA:15,1
DA:16,1
DA:17,1
DA:18,1
DA:19,1
DA:20,1
DA:21,1
DA:22,1
DA:23,1
DA:24,1
DA:25,1
DA:26,1
DA:27,1
DA:28,1
DA:29,1
DA:30,1
DA:31,1
DA:32,1
DA:33,1
DA:34,1
DA:35,1
DA:36,1
DA:39,1
DA:40,1
DA:41,1
DA:45,1
DA:46,1
DA:47,1
DA:48,1
DA:49,1
DA:50,1
DA:51,1
DA:66,1
DA:67,0
DA:68,0
DA:70,0
DA:72,1
DA:73,0
DA:74,0
DA:76,0
DA:78,1
DA:79,0
DA:80,0
DA:81,0
DA:82,0
DA:83,0
DA:84,0
DA:85,0
DA:86,0
DA:88,1
DA:89,0
DA:91,1
DA:92,1
DA:93,1
DA:94,1
DA:95,1
DA:96,1
DA:97,1
DA:98,1
DA:99,1
DA:100,0
DA:102,1
DA:103,1
DA:104,0
DA:105,0
DA:106,0
DA:107,0
DA:108,0
DA:111,0
DA:114,1
DA:115,0
DA:117,1
DA:118,0
DA:119,0
DA:120,0
DA:121,0
DA:123,1
LF:90
LH:63
BRDA:67,0,0,0
BRDA:67,0,1,0
BRDA:67,1,0,0
BRDA:67,1,1,0
BRDA:73,2,0,0
BRDA:73,2,1,0
BRDA:73,3,0,0
BRDA:73,3,1,0
BRDA:104,4,0,0
BRDA:104,4,1,0
BRDA:104,5,0,0
BRDA:104,5,1,0
BRDA:119,6,0,0
BRDA:119,6,1,0
BRDA:120,7,0,0
BRDA:120,7,1,0
BRF:16
BRH:0
end_of_record
TN:
SF:data\_agco-approvedBreakOpenTicketTypes-AG.js
FNF:0
FNH:0
DA:2,1
DA:3,1
DA:4,1
LF:3
LH:3
BRF:0
BRH:0
end_of_record
TN:
SF:data\_agco-approvedBreakOpenTicketTypes-BN.js
FNF:0
FNH:0
DA:2,1
DA:3,1
DA:4,1
LF:3
LH:3
BRF:0
BRH:0
end_of_record
TN:
SF:data\_agco-approvedBreakOpenTicketTypes-PG.js
FNF:0
FNH:0
DA:2,1
DA:3,1
DA:4,1
LF:3
LH:3
BRF:0
BRH:0
end_of_record
TN:
SF:data\_agco-approvedBreakOpenTicketTypes-SP.js
FNF:0
FNH:0
DA:2,1
DA:3,1
DA:4,1
LF:3
LH:3
BRF:0
BRH:0
end_of_record
TN:
SF:data\_agco-approvedBreakOpenTicketTypes.js
FNF:0
FNH:0
DA:2,1
DA:3,1
DA:4,1
DA:5,1
DA:6,1
DA:7,1
DA:8,1
LF:7
LH:7
BRF:0
BRH:0
end_of_record
TN:
SF:data\config-ontario-ssm.js
FN:21,(anonymous_0)
FN:63,(anonymous_1)
FNF:2
FNH:1
FNDA:0,(anonymous_0)
FNDA:3,(anonymous_1)
DA:2,1
DA:3,1
DA:4,1
DA:5,1
DA:6,1
DA:9,1
DA:12,1
DA:13,1
DA:17,1
DA:18,1
DA:21,1
DA:22,0
DA:23,0
DA:24,0
DA:25,0
DA:26,0
DA:29,0
DA:30,0
DA:31,0
DA:32,0
DA:35,0
DA:36,0
DA:37,0
DA:38,0
DA:39,0
DA:40,0
DA:42,0
DA:43,0
DA:44,0
DA:46,0
DA:47,0
DA:48,0
DA:50,0
DA:51,0
DA:52,0
DA:53,0
DA:54,0
DA:57,0
DA:63,3
DA:64,1
DA:65,113
DA:67,1
DA:101,1
LF:43
LH:16
BRDA:22,0,0,0
BRDA:22,0,1,0
BRDA:26,1,0,0
BRDA:26,1,1,0
BRDA:30,2,0,0
BRDA:30,2,1,0
BRDA:35,3,0,0
BRDA:35,3,1,0
BRDA:37,4,0,0
BRDA:37,4,1,0
BRDA:38,5,0,0
BRDA:38,5,1,0
BRDA:38,6,0,0
BRDA:38,6,1,0
BRDA:42,7,0,0
BRDA:42,7,1,0
BRDA:42,8,0,0
BRDA:42,8,1,0
BRDA:46,9,0,0
BRDA:46,9,1,0
BRDA:46,10,0,0
BRDA:46,10,1,0
BRDA:50,11,0,0
BRDA:50,11,1,0
BRDA:52,12,0,0
BRDA:52,12,1,0
BRF:26
BRH:0
end_of_record
TN:
SF:data\config-ontario.js
FN:79,(anonymous_0)
FN:380,(anonymous_1)
FN:381,(anonymous_2)
FN:382,(anonymous_3)
FN:383,(anonymous_4)
FN:384,(anonymous_5)
FN:385,(anonymous_6)
FN:386,(anonymous_7)
FN:387,(anonymous_8)
FN:388,(anonymous_9)
FNF:10
FNH:0
FNDA:0,(anonymous_0)
FNDA:0,(anonymous_1)
FNDA:0,(anonymous_2)
FNDA:0,(anonymous_3)
FNDA:0,(anonymous_4)
FNDA:0,(anonymous_5)
FNDA:0,(anonymous_6)
FNDA:0,(anonymous_7)
FNDA:0,(anonymous_8)
FNDA:0,(anonymous_9)
DA:2,1
DA:3,1
DA:4,1
DA:8,1
DA:78,1
DA:80,0
DA:81,0
DA:82,0
DA:83,0
DA:84,0
DA:87,0
DA:88,0
DA:100,1
DA:381,0
DA:382,0
DA:383,0
DA:384,0
DA:385,0
DA:386,0
DA:387,0
DA:388,0
DA:389,0
DA:404,1
LF:23
LH:7
BRDA:80,0,0,0
BRDA:80,0,1,0
BRDA:84,1,0,0
BRDA:84,1,1,0
BRDA:389,2,0,0
BRDA:389,2,1,0
BRDA:390,3,0,0
BRDA:390,3,1,0
BRDA:391,4,0,0
BRDA:391,4,1,0
BRDA:391,5,0,0
BRDA:391,5,1,0
BRDA:394,6,0,0
BRDA:394,6,1,0
BRDA:394,7,0,0
BRDA:394,7,1,0
BRDA:397,8,0,0
BRDA:397,8,1,0
BRDA:397,9,0,0
BRDA:397,9,1,0
BRF:20
BRH:0
end_of_record
TN:
SF:data\config.js
FNF:0
FNH:0
DA:2,1
DA:3,1
DA:4,1
DA:5,1
DA:6,1
DA:12,1
LF:6
LH:6
BRF:0
BRH:0
end_of_record
TN:
SF:data\databasePaths.js
FNF:0
FNH:0
DA:2,1
DA:3,1
DA:4,1
DA:5,1
LF:4
LH:4
BRF:0
BRH:0
end_of_record
TN:
SF:handlers\permissions.js
FN:5,(anonymous_0)
FN:11,(anonymous_1)
FN:17,(anonymous_2)
FN:23,(anonymous_3)
FN:29,(anonymous_4)
FN:35,(anonymous_5)
FNF:6
FNH:0
FNDA:0,(anonymous_0)
FNDA:0,(anonymous_1)
FNDA:0,(anonymous_2)
FNDA:0,(anonymous_3)
FNDA:0,(anonymous_4)
FNDA:0,(anonymous_5)
DA:2,1
DA:3,1
DA:4,1
DA:5,1
DA:6,0
DA:7,0
DA:9,0
DA:11,1
DA:12,0
DA:13,0
DA:15,0
DA:17,1
DA:18,0
DA:19,0
DA:21,0
DA:23,1
DA:24,0
DA:25,0
DA:27,0
DA:29,1
DA:30,0
DA:31,0
DA:33,0
DA:35,1
DA:36,0
DA:37,0
DA:39,0
LF:27
LH:9
BRDA:6,0,0,0
BRDA:6,0,1,0
BRDA:12,1,0,0
BRDA:12,1,1,0
BRDA:18,2,0,0
BRDA:18,2,1,0
BRDA:24,3,0,0
BRDA:24,3,1,0
BRDA:30,4,0,0
BRDA:30,4,1,0
BRDA:36,5,0,0
BRDA:36,5,1,0
BRF:12
BRH:0
end_of_record
TN:
SF:handlers\admin-get\applicationSettings.js
FN:5,(anonymous_0)
FNF:1
FNH:0
FNDA:0,(anonymous_0)
DA:2,1
DA:3,1
DA:4,1
DA:5,1
DA:6,0
DA:7,0
LF:6
LH:4
BRF:0
BRH:0
end_of_record
TN:
SF:handlers\admin-get\userManagement.js
FN:5,(anonymous_0)
FNF:1
FNH:0
FNDA:0,(anonymous_0)
DA:2,1
DA:3,1
DA:4,1
DA:5,1
DA:6,0
DA:7,0
LF:6
LH:4
BRF:0
BRH:0
end_of_record
TN:
SF:handlers\admin-post\doCreateUser.js
FN:5,(anonymous_0)
FNF:1
FNH:0
FNDA:0,(anonymous_0)
DA:2,1
DA:3,1
DA:4,1
DA:5,1
DA:6,0
DA:7,0
DA:8,0
DA:14,0
LF:8
LH:4
BRDA:7,0,0,0
BRDA:7,0,1,0
BRF:2
BRH:0
end_of_record
TN:
SF:handlers\admin-post\doDeleteUser.js
FN:6,(anonymous_0)
FNF:1
FNH:0
FNDA:0,(anonymous_0)
DA:2,1
DA:3,1
DA:4,1
DA:5,1
DA:6,1
DA:7,0
DA:8,0
DA:9,0
DA:11,0
DA:12,0
LF:10
LH:5
BRDA:8,0,0,0
BRDA:8,0,1,0
BRF:2
BRH:0
end_of_record
TN:
SF:handlers\admin-post\doGetUserProperties.js
FN:5,(anonymous_0)
FNF:1
FNH:0
FNDA:0,(anonymous_0)
DA:2,1
DA:3,1
DA:4,1
DA:5,1
DA:6,0
DA:7,0
LF:6
LH:4
BRF:0
BRH:0
end_of_record
TN:
SF:handlers\admin-post\doResetPassword.js
FN:5,(anonymous_0)
FNF:1
FNH:0
FNDA:0,(anonymous_0)
DA:2,1
DA:3,1
DA:4,1
DA:5,1
DA:6,0
DA:7,0
LF:6
LH:4
BRF:0
BRH:0
end_of_record
TN:
SF:handlers\admin-post\doSaveApplicationSetting.js
FN:5,(anonymous_0)
FNF:1
FNH:0
FNDA:0,(anonymous_0)
DA:2,1
DA:3,1
DA:4,1
DA:5,1
DA:6,0
DA:7,0
DA:8,0
DA:9,0
LF:8
LH:4
BRF:0
BRH:0
end_of_record
TN:
SF:handlers\admin-post\doUpdateUser.js
FN:5,(anonymous_0)
FNF:1
FNH:0
FNDA:0,(anonymous_0)
DA:2,1
DA:3,1
DA:4,1
DA:5,1
DA:6,0
DA:7,0
LF:6
LH:4
BRF:0
BRH:0
end_of_record
TN:
SF:handlers\admin-post\doUpdateUserProperty.js
FN:5,(anonymous_0)
FNF:1
FNH:0
FNDA:0,(anonymous_0)
DA:2,1
DA:3,1
DA:4,1
DA:5,1
DA:6,0
DA:7,0
LF:6
LH:4
BRF:0
BRH:0
end_of_record
TN:
SF:handlers\dashboard-post\doChangePassword.js
FN:5,(anonymous_0)
FNF:1
FNH:0
FNDA:0,(anonymous_0)
DA:2,1
DA:3,1
DA:4,1
DA:5,1
DA:6,0
DA:7,0
DA:8,0
DA:9,0
DA:10,0
LF:9
LH:4
BRF:0
BRH:0
end_of_record
TN:
SF:handlers\events-get\edit.js
FN:7,(anonymous_0)
FNF:1
FNH:0
FNDA:0,(anonymous_0)
DA:2,1
DA:3,1
DA:4,1
DA:5,1
DA:6,1
DA:7,1
DA:8,0
DA:9,0
DA:10,0
DA:11,0
DA:12,0
DA:14,0
DA:15,0
DA:16,0
DA:17,0
DA:19,0
DA:20,0
DA:21,0
DA:23,0
DA:24,0
DA:25,0
LF:21
LH:6
BRDA:10,0,0,0
BRDA:10,0,1,0
BRDA:15,1,0,0
BRDA:15,1,1,0
BRDA:19,2,0,0
BRDA:19,2,1,0
BRF:6
BRH:0
end_of_record
TN:
SF:handlers\events-get\poke.js
FN:5,(anonymous_0)
FNF:1
FNH:0
FNDA:0,(anonymous_0)
DA:2,1
DA:3,1
DA:4,1
DA:5,1
DA:6,0
DA:7,0
DA:8,0
DA:9,0
LF:8
LH:4
BRF:0
BRH:0
end_of_record
TN:
SF:handlers\events-get\view.js
FN:7,(anonymous_0)
FNF:1
FNH:0
FNDA:0,(anonymous_0)
DA:2,1
DA:3,1
DA:4,1
DA:5,1
DA:6,1
DA:7,1
DA:8,0
DA:9,0
DA:10,0
DA:11,0
DA:12,0
DA:14,0
DA:15,0
DA:16,0
LF:14
LH:6
BRDA:11,0,0,0
BRDA:11,0,1,0
BRF:2
BRH:0
end_of_record
TN:
SF:handlers\licences-get\activeSummary.js
FN:6,(anonymous_0)
FNF:1
FNH:0
FNDA:0,(anonymous_0)
DA:2,1
DA:3,1
DA:4,1
DA:5,1
DA:6,1
DA:7,0
DA:8,0
DA:9,0
DA:10,0
DA:11,0
DA:12,0
DA:13,0
DA:14,0
LF:13
LH:5
BRDA:16,0,0,0
BRDA:16,0,1,0
BRF:2
BRH:0
end_of_record
TN:
SF:handlers\licences-get\edit.js
FN:7,(anonymous_0)
FNF:1
FNH:0
FNDA:0,(anonymous_0)
DA:2,1
DA:3,1
DA:4,1
DA:5,1
DA:6,1
DA:7,1
DA:8,0
DA:9,0
DA:10,0
DA:11,0
DA:12,0
DA:14,0
DA:15,0
DA:16,0
DA:18,0
DA:19,0
DA:20,0
LF:17
LH:6
BRDA:10,0,0,0
BRDA:10,0,1,0
BRDA:14,1,0,0
BRDA:14,1,1,0
BRF:4
BRH:0
end_of_record
TN:
SF:handlers\licences-get\licenceTypes.js
FN:6,(anonymous_0)
FNF:1
FNH:0
FNDA:0,(anonymous_0)
DA:2,1
DA:3,1
DA:4,1
DA:5,1
DA:6,1
DA:7,0
DA:8,0
DA:9,0
DA:10,0
DA:11,0
DA:12,0
DA:13,0
DA:14,0
DA:15,0
LF:14
LH:5
BRDA:17,0,0,0
BRDA:17,0,1,0
BRF:2
BRH:0
end_of_record
TN:
SF:handlers\licences-get\new.js
FN:8,(anonymous_0)
FNF:1
FNH:0
FNDA:0,(anonymous_0)
DA:2,1
DA:3,1
DA:4,1
DA:5,1
DA:6,1
DA:7,1
DA:8,1
DA:9,0
DA:10,0
DA:11,0
DA:12,0
DA:13,0
DA:14,0
DA:17,0
DA:18,0
DA:19,0
DA:20,0
DA:21,0
DA:23,0
LF:19
LH:7
BRDA:11,0,0,0
BRDA:11,0,1,0
BRDA:13,1,0,0
BRDA:13,1,1,0
BRDA:13,2,0,0
BRDA:13,2,1,0
BRDA:20,3,0,0
BRDA:20,3,1,0
BRF:8
BRH:0
end_of_record
TN:
SF:handlers\licences-get\poke.js
FN:5,(anonymous_0)
FNF:1
FNH:0
FNDA:0,(anonymous_0)
DA:2,1
DA:3,1
DA:4,1
DA:5,1
DA:6,0
DA:7,0
DA:8,0
LF:7
LH:4
BRF:0
BRH:0
end_of_record
TN:
SF:handlers\licences-get\print.js
FN:10,(anonymous_0)
FN:26,(anonymous_1)
FN:30,(anonymous_2)
FNF:3
FNH:0
FNDA:0,(anonymous_0)
FNDA:0,(anonymous_1)
FNDA:0,(anonymous_2)
DA:2,1
DA:3,1
DA:4,1
DA:5,1
DA:6,1
DA:7,1
DA:8,1
DA:9,1
DA:10,1
DA:11,0
DA:12,0
DA:13,0
DA:14,0
DA:15,0
DA:17,0
DA:18,0
DA:19,0
DA:21,0
DA:22,0
DA:27,0
DA:28,0
DA:30,0
DA:31,0
DA:33,0
DA:34,0
DA:40,0
LF:26
LH:9
BRDA:13,0,0,0
BRDA:13,0,1,0
BRDA:17,1,0,0
BRDA:17,1,1,0
BRDA:27,2,0,0
BRDA:27,2,1,0
BRF:6
BRH:0
end_of_record
TN:
SF:handlers\licences-get\view.js
FN:7,(anonymous_0)
FNF:1
FNH:0
FNDA:0,(anonymous_0)
DA:2,1
DA:3,1
DA:4,1
DA:5,1
DA:6,1
DA:7,1
DA:8,0
DA:9,0
DA:10,0
DA:11,0
DA:13,0
DA:14,0
DA:17,0
LF:13
LH:6
BRDA:10,0,0,0
BRDA:10,0,1,0
BRDA:14,1,0,0
BRDA:14,1,1,0
BRF:4
BRH:0
end_of_record
TN:
SF:handlers\licences-post\doAddTransaction.js
FN:5,(anonymous_0)
FNF:1
FNH:0
FNDA:0,(anonymous_0)
DA:2,1
DA:3,1
DA:4,1
DA:5,1
DA:6,0
DA:7,0
LF:6
LH:4
BRF:0
BRH:0
end_of_record
TN:
SF:handlers\licences-post\doDelete.js
FN:5,(anonymous_0)
FNF:1
FNH:0
FNDA:0,(anonymous_0)
DA:2,1
DA:3,1
DA:4,1
DA:5,1
DA:6,0
DA:7,0
DA:13,0
DA:14,0
DA:15,0
DA:21,0
LF:10
LH:4
BRDA:6,0,0,0
BRDA:6,0,1,0
BRDA:14,1,0,0
BRDA:14,1,1,0
BRF:4
BRH:0
end_of_record
TN:
SF:handlers\licences-post\doGetDistinctTermsConditions.js
FN:5,(anonymous_0)
FNF:1
FNH:0
FNDA:0,(anonymous_0)
DA:2,1
DA:3,1
DA:4,1
DA:5,1
DA:6,0
DA:7,0
LF:6
LH:4
BRF:0
BRH:0
end_of_record
TN:
SF:handlers\licences-post\doIssueLicence.js
FN:5,(anonymous_0)
FNF:1
FNH:0
FNDA:0,(anonymous_0)
DA:2,1
DA:3,1
DA:4,1
DA:5,1
DA:6,0
DA:7,0
DA:8,0
DA:14,0
LF:8
LH:4
BRDA:7,0,0,0
BRDA:7,0,1,0
BRF:2
BRH:0
end_of_record
TN:
SF:handlers\licences-post\doSave.js
FN:6,(anonymous_0)
FNF:1
FNH:0
FNDA:0,(anonymous_0)
DA:2,1
DA:3,1
DA:4,1
DA:5,1
DA:6,1
DA:7,0
DA:8,0
DA:9,0
DA:15,0
DA:16,0
DA:17,0
DA:23,0
LF:12
LH:5
BRDA:7,0,0,0
BRDA:7,0,1,0
BRDA:16,1,0,0
BRDA:16,1,1,0
BRF:4
BRH:0
end_of_record
TN:
SF:handlers\licences-post\doSearch.js
FN:5,(anonymous_0)
FNF:1
FNH:0
FNDA:0,(anonymous_0)
DA:2,1
DA:3,1
DA:4,1
DA:5,1
DA:6,0
LF:5
LH:4
BRF:0
BRH:0
end_of_record
TN:
SF:handlers\licences-post\doUnissueLicence.js
FN:5,(anonymous_0)
FNF:1
FNH:0
FNDA:0,(anonymous_0)
DA:2,1
DA:3,1
DA:4,1
DA:5,1
DA:6,0
DA:7,0
DA:13,0
DA:15,0
DA:16,0
DA:17,0
DA:23,0
LF:11
LH:4
BRDA:6,0,0,0
BRDA:6,0,1,0
BRDA:16,1,0,0
BRDA:16,1,1,0
BRF:4
BRH:0
end_of_record
TN:
SF:handlers\licences-post\doVoidTransaction.js
FN:5,(anonymous_0)
FNF:1
FNH:0
FNDA:0,(anonymous_0)
DA:2,1
DA:3,1
DA:4,1
DA:5,1
DA:6,0
DA:7,0
DA:8,0
DA:14,0
LF:8
LH:4
BRDA:7,0,0,0
BRDA:7,0,1,0
BRF:2
BRH:0
end_of_record
TN:
SF:handlers\locations-get\cleanup.js
FN:4,(anonymous_0)
FNF:1
FNH:0
FNDA:0,(anonymous_0)
DA:2,1
DA:3,1
DA:4,1
DA:5,0
LF:4
LH:3
BRF:0
BRH:0
end_of_record
TN:
SF:handlers\locations-get\edit.js
FN:7,(anonymous_0)
FNF:1
FNH:0
FNDA:0,(anonymous_0)
DA:2,1
DA:3,1
DA:4,1
DA:5,1
DA:6,1
DA:7,1
DA:8,0
DA:9,0
DA:10,0
DA:11,0
DA:12,0
DA:14,0
DA:15,0
DA:16,0
DA:18,0
DA:24,0
LF:16
LH:6
BRDA:10,0,0,0
BRDA:10,0,1,0
BRDA:14,1,0,0
BRDA:14,1,1,0
BRF:4
BRH:0
end_of_record
TN:
SF:handlers\locations-get\new.js
FN:6,(anonymous_0)
FNF:1
FNH:0
FNDA:0,(anonymous_0)
DA:2,1
DA:3,1
DA:4,1
DA:5,1
DA:6,1
DA:7,0
LF:6
LH:5
BRF:0
BRH:0
end_of_record
TN:
SF:handlers\locations-get\view.js
FN:7,(anonymous_0)
FNF:1
FNH:0
FNDA:0,(anonymous_0)
DA:2,1
DA:3,1
DA:4,1
DA:5,1
DA:6,1
DA:7,1
DA:8,0
DA:9,0
DA:10,0
DA:11,0
DA:12,0
DA:14,0
DA:20,0
LF:13
LH:6
BRDA:10,0,0,0
BRDA:10,0,1,0
BRF:2
BRH:0
end_of_record
TN:
SF:handlers\locations-post\doCreate.js
FN:5,(anonymous_0)
FNF:1
FNH:0
FNDA:0,(anonymous_0)
DA:2,1
DA:3,1
DA:4,1
DA:5,1
DA:6,0
DA:7,0
LF:6
LH:4
BRDA:10,0,0,0
BRDA:10,0,1,0
BRF:2
BRH:0
end_of_record
TN:
SF:handlers\locations-post\doDelete.js
FN:5,(anonymous_0)
FNF:1
FNH:0
FNDA:0,(anonymous_0)
DA:2,1
DA:3,1
DA:4,1
DA:5,1
DA:6,0
DA:7,0
DA:8,0
DA:14,0
LF:8
LH:4
BRDA:7,0,0,0
BRDA:7,0,1,0
BRF:2
BRH:0
end_of_record
TN:
SF:handlers\locations-post\doGetInactive.js
FN:5,(anonymous_0)
FNF:1
FNH:0
FNDA:0,(anonymous_0)
DA:2,1
DA:3,1
DA:4,1
DA:5,1
DA:6,0
DA:7,0
LF:6
LH:4
BRF:0
BRH:0
end_of_record
TN:
SF:handlers\locations-post\doGetLocations.js
FN:5,(anonymous_0)
FNF:1
FNH:0
FNDA:0,(anonymous_0)
DA:2,1
DA:3,1
DA:4,1
DA:5,1
DA:6,0
DA:18,0
LF:6
LH:4
BRDA:7,0,0,0
BRDA:7,0,1,0
BRDA:8,1,0,0
BRDA:8,1,1,0
BRDA:10,2,0,0
BRDA:10,2,1,0
BRDA:10,3,0,0
BRDA:10,3,1,0
BRDA:13,4,0,0
BRDA:13,4,1,0
BRDA:13,5,0,0
BRDA:13,5,1,0
BRDA:16,6,0,0
BRDA:16,6,1,0
BRF:14
BRH:0
end_of_record
TN:
SF:handlers\locations-post\doMerge.js
FN:5,(anonymous_0)
FNF:1
FNH:0
FNDA:0,(anonymous_0)
DA:2,1
DA:3,1
DA:4,1
DA:5,1
DA:6,0
DA:7,0
DA:8,0
DA:9,0
LF:8
LH:4
BRF:0
BRH:0
end_of_record
TN:
SF:handlers\locations-post\doRestore.js
FN:5,(anonymous_0)
FNF:1
FNH:0
FNDA:0,(anonymous_0)
DA:2,1
DA:3,1
DA:4,1
DA:5,1
DA:6,0
DA:7,0
DA:8,0
DA:14,0
LF:8
LH:4
BRDA:7,0,0,0
BRDA:7,0,1,0
BRF:2
BRH:0
end_of_record
TN:
SF:handlers\locations-post\doUpdate.js
FN:5,(anonymous_0)
FNF:1
FNH:0
FNDA:0,(anonymous_0)
DA:2,1
DA:3,1
DA:4,1
DA:5,1
DA:6,0
DA:7,0
DA:8,0
DA:14,0
LF:8
LH:4
BRDA:7,0,0,0
BRDA:7,0,1,0
BRF:2
BRH:0
end_of_record
TN:
SF:handlers\organizations-all\doGetAll.js
FN:5,(anonymous_0)
FNF:1
FNH:0
FNDA:0,(anonymous_0)
DA:2,1
DA:3,1
DA:4,1
DA:5,1
DA:6,0
LF:5
LH:4
BRF:0
BRH:0
end_of_record
TN:
SF:handlers\organizations-get\cleanup.js
FN:4,(anonymous_0)
FNF:1
FNH:0
FNDA:0,(anonymous_0)
DA:2,1
DA:3,1
DA:4,1
DA:5,0
LF:4
LH:3
BRF:0
BRH:0
end_of_record
TN:
SF:handlers\organizations-get\edit.js
FN:9,(anonymous_0)
FNF:1
FNH:0
FNDA:0,(anonymous_0)
DA:2,1
DA:3,1
DA:4,1
DA:5,1
DA:6,1
DA:7,1
DA:8,1
DA:9,1
DA:10,0
DA:11,0
DA:12,0
DA:13,0
DA:14,0
DA:16,0
DA:17,0
DA:18,0
DA:20,0
DA:26,0
DA:27,0
DA:28,0
LF:20
LH:8
BRDA:12,0,0,0
BRDA:12,0,1,0
BRDA:16,1,0,0
BRDA:16,1,1,0
BRDA:20,2,0,0
BRDA:20,2,1,0
BRDA:26,3,0,0
BRDA:26,3,1,0
BRDA:27,4,0,0
BRDA:27,4,1,0
BRF:10
BRH:0
end_of_record
TN:
SF:handlers\organizations-get\reminders.js
FN:5,(anonymous_0)
FNF:1
FNH:0
FNDA:0,(anonymous_0)
DA:2,1
DA:3,1
DA:4,1
DA:5,1
DA:6,0
DA:7,0
LF:6
LH:4
BRF:0
BRH:0
end_of_record
TN:
SF:handlers\organizations-get\view.js
FN:9,(anonymous_0)
FNF:1
FNH:0
FNDA:0,(anonymous_0)
DA:2,1
DA:3,1
DA:4,1
DA:5,1
DA:6,1
DA:7,1
DA:8,1
DA:9,1
DA:10,0
DA:11,0
DA:12,0
DA:13,0
DA:14,0
DA:16,0
DA:22,0
DA:23,0
DA:24,0
LF:17
LH:8
BRDA:12,0,0,0
BRDA:12,0,1,0
BRDA:16,1,0,0
BRDA:16,1,1,0
BRDA:22,2,0,0
BRDA:22,2,1,0
BRDA:23,3,0,0
BRDA:23,3,1,0
BRF:8
BRH:0
end_of_record
TN:
SF:handlers\organizations-post\doAddBankRecord.js
FN:5,(anonymous_0)
FNF:1
FNH:0
FNDA:0,(anonymous_0)
DA:2,1
DA:3,1
DA:4,1
DA:5,1
DA:6,0
DA:7,0
DA:8,0
DA:14,0
LF:8
LH:4
BRDA:7,0,0,0
BRDA:7,0,1,0
BRF:2
BRH:0
end_of_record
TN:
SF:handlers\organizations-post\doAddRemark.js
FN:5,(anonymous_0)
FNF:1
FNH:0
FNDA:0,(anonymous_0)
DA:2,1
DA:3,1
DA:4,1
DA:5,1
DA:6,0
DA:7,0
LF:6
LH:4
BRF:0
BRH:0
end_of_record
TN:
SF:handlers\organizations-post\doAddReminder.js
FN:5,(anonymous_0)
FNF:1
FNH:0
FNDA:0,(anonymous_0)
DA:2,1
DA:3,1
DA:4,1
DA:5,1
DA:6,0
DA:7,0
DA:8,0
DA:14,0
LF:8
LH:4
BRDA:7,0,0,0
BRDA:7,0,1,0
BRF:2
BRH:0
end_of_record
TN:
SF:handlers\organizations-post\doAddRepresentative.js
FN:5,(anonymous_0)
FNF:1
FNH:0
FNDA:0,(anonymous_0)
DA:2,1
DA:3,1
DA:4,1
DA:5,1
DA:6,0
DA:7,0
DA:8,0
DA:9,0
DA:15,0
LF:9
LH:4
BRDA:8,0,0,0
BRDA:8,0,1,0
BRF:2
BRH:0
end_of_record
TN:
SF:handlers\organizations-post\doDeleteBankRecord.js
FN:5,(anonymous_0)
FNF:1
FNH:0
FNDA:0,(anonymous_0)
DA:2,1
DA:3,1
DA:4,1
DA:5,1
DA:6,0
DA:7,0
DA:8,0
DA:14,0
LF:8
LH:4
BRDA:7,0,0,0
BRDA:7,0,1,0
BRF:2
BRH:0
end_of_record
TN:
SF:handlers\organizations-post\doDeleteReminder.js
FN:5,(anonymous_0)
FNF:1
FNH:0
FNDA:0,(anonymous_0)
DA:2,1
DA:3,1
DA:4,1
DA:5,1
DA:6,0
DA:7,0
LF:6
LH:4
BRF:0
BRH:0
end_of_record
TN:
SF:handlers\organizations-post\doEditBankRecord.js
FN:5,(anonymous_0)
FNF:1
FNH:0
FNDA:0,(anonymous_0)
DA:2,1
DA:3,1
DA:4,1
DA:5,1
DA:6,0
DA:7,0
DA:8,0
DA:14,0
LF:8
LH:4
BRDA:7,0,0,0
BRDA:7,0,1,0
BRF:2
BRH:0
end_of_record
TN:
SF:handlers\organizations-post\doGetRemarks.js
FN:5,(anonymous_0)
FNF:1
FNH:0
FNDA:0,(anonymous_0)
DA:2,1
DA:3,1
DA:4,1
DA:5,1
DA:6,0
DA:7,0
LF:6
LH:4
BRF:0
BRH:0
end_of_record
TN:
SF:handlers\organizations-post\doGetReminders.js
FN:5,(anonymous_0)
FNF:1
FNH:0
FNDA:0,(anonymous_0)
DA:2,1
DA:3,1
DA:4,1
DA:5,1
DA:6,0
DA:7,0
LF:6
LH:4
BRF:0
BRH:0
end_of_record
TN:
SF:handlers\organizations-post\doRollForward.js
FN:5,(anonymous_0)
FNF:1
FNH:0
FNDA:0,(anonymous_0)
DA:2,1
DA:3,1
DA:4,1
DA:5,1
DA:6,0
DA:7,0
DA:8,0
DA:9,0
DA:10,0
LF:9
LH:4
BRF:0
BRH:0
end_of_record
TN:
SF:handlers\organizations-post\doSearch.js
FN:5,(anonymous_0)
FNF:1
FNH:0
FNDA:0,(anonymous_0)
DA:2,1
DA:3,1
DA:4,1
DA:5,1
DA:6,0
LF:5
LH:4
BRF:0
BRH:0
end_of_record
TN:
SF:handlers\organizations-post\doUpdateBankRecordsByMonth.js
FN:7,(anonymous_0)
FN:13,(anonymous_1)
FNF:2
FNH:0
FNDA:0,(anonymous_0)
FNDA:0,(anonymous_1)
DA:2,1
DA:3,1
DA:4,1
DA:5,1
DA:6,1
DA:7,1
DA:8,0
DA:9,0
DA:11,0
DA:13,1
DA:14,0
DA:15,0
DA:16,0
DA:17,0
DA:18,0
DA:19,0
DA:20,0
DA:21,0
DA:22,0
DA:23,0
DA:35,0
DA:36,0
DA:37,0
DA:38,0
DA:39,0
DA:44,0
DA:45,0
DA:46,0
DA:47,0
DA:51,0
DA:52,0
DA:53,0
DA:58,0
DA:59,0
DA:64,0
LF:35
LH:7
BRDA:8,0,0,0
BRDA:8,0,1,0
BRDA:8,1,0,0
BRDA:8,1,1,0
BRDA:8,1,2,0
BRDA:22,2,0,0
BRDA:22,2,1,0
BRDA:35,3,0,0
BRDA:35,3,1,0
BRDA:36,4,0,0
BRDA:36,4,1,0
BRDA:38,5,0,0
BRDA:38,5,1,0
BRDA:44,6,0,0
BRDA:44,6,1,0
BRDA:46,7,0,0
BRDA:46,7,1,0
BRDA:52,8,0,0
BRDA:52,8,1,0
BRDA:58,9,0,0
BRDA:58,9,1,0
BRF:21
BRH:0
end_of_record
TN:
SF:handlers\organizations-post\doUpdateRepresentative.js
FN:5,(anonymous_0)
FNF:1
FNH:0
FNDA:0,(anonymous_0)
DA:2,1
DA:3,1
DA:4,1
DA:5,1
DA:6,0
DA:7,0
DA:8,0
DA:9,0
DA:15,0
LF:9
LH:4
BRDA:8,0,0,0
BRDA:8,0,1,0
BRF:2
BRH:0
end_of_record
TN:
SF:helpers\configFns.js
FN:49,(anonymous_0)
FN:66,getProperty
FN:84,(anonymous_2)
FN:97,(anonymous_3)
FN:100,(anonymous_4)
FN:105,(anonymous_5)
FN:109,(anonymous_6)
FNF:7
FNH:6
FNDA:0,(anonymous_0)
FNDA:42,getProperty
FNDA:1,(anonymous_2)
FNDA:1,(anonymous_3)
FNDA:4,(anonymous_4)
FNDA:1,(anonymous_5)
FNDA:4,(anonymous_6)
DA:2,1
DA:3,1
DA:4,1
DA:5,1
DA:6,1
DA:7,1
DA:10,0
DA:11,0
DA:13,1
DA:14,1
DA:15,1
DA:16,1
DA:17,1
DA:18,1
DA:19,1
DA:20,1
DA:21,1
DA:22,1
DA:23,1
DA:28,1
DA:29,1
DA:30,1
DA:31,1
DA:32,1
DA:33,1
DA:45,1
DA:46,1
DA:47,1
DA:48,1
DA:49,1
DA:50,0
DA:56,1
DA:57,1
DA:58,1
DA:59,1
DA:60,1
DA:61,1
DA:62,1
DA:63,1
DA:64,1
DA:65,1
DA:67,42
DA:68,42
DA:69,42
DA:70,50
DA:71,14
DA:74,36
DA:77,6
DA:79,1
DA:80,1
DA:83,1
DA:84,1
DA:85,1
DA:86,1
DA:87,2
DA:88,8
DA:89,8
DA:93,1
DA:95,1
DA:96,1
DA:97,1
DA:98,1
DA:99,1
DA:100,4
DA:101,1
DA:103,1
DA:105,1
DA:106,1
DA:107,1
DA:108,1
DA:110,4
DA:111,4
DA:114,1
DA:116,1
LF:74
LH:71
BRDA:70,0,0,14
BRDA:70,0,1,36
BRDA:80,1,0,1
BRDA:80,1,1,0
BRDA:85,2,0,1
BRDA:85,2,1,0
BRDA:98,3,0,1
BRDA:98,3,1,0
BRDA:106,4,0,1
BRDA:106,4,1,0
BRDA:110,5,0,4
BRDA:110,5,1,0
BRF:12
BRH:7
end_of_record
TN:
SF:helpers\dbInit.js
FN:6,(anonymous_0)
FN:30,(anonymous_1)
FNF:2
FNH:2
FNDA:1,(anonymous_0)
FNDA:1,(anonymous_1)
DA:2,1
DA:3,1
DA:4,1
DA:5,1
DA:6,1
DA:7,1
DA:8,1
DA:9,1
DA:10,0
DA:12,0
DA:18,0
DA:25,0
DA:26,0
DA:28,1
DA:30,1
DA:31,1
DA:32,1
DA:35,1
DA:36,0
DA:37,0
DA:54,0
DA:74,0
DA:91,0
DA:106,0
DA:123,0
DA:143,0
DA:169,0
DA:172,0
DA:189,0
DA:204,0
DA:225,0
DA:232,0
DA:253,0
DA:261,0
DA:270,0
DA:274,0
DA:277,0
DA:281,1
LF:38
LH:14
BRDA:9,0,0,0
BRDA:9,0,1,1
BRDA:35,1,0,0
BRDA:35,1,1,1
BRF:4
BRH:2
end_of_record
TN:
SF:helpers\licencesDB-organizations.js
FN:8,(anonymous_0)
FN:22,(anonymous_1)
FN:45,(anonymous_2)
FN:57,(anonymous_3)
FN:71,(anonymous_4)
FN:100,(anonymous_5)
FN:115,(anonymous_6)
FN:124,(anonymous_7)
FN:138,(anonymous_8)
FN:158,(anonymous_9)
FN:178,(anonymous_10)
FN:195,(anonymous_11)
FN:208,(anonymous_12)
FN:226,(anonymous_13)
FN:248,(anonymous_14)
FN:263,(anonymous_15)
FN:283,(anonymous_16)
FNF:17
FNH:0
FNDA:0,(anonymous_0)
FNDA:0,(anonymous_1)
FNDA:0,(anonymous_2)
FNDA:0,(anonymous_3)
FNDA:0,(anonymous_4)
FNDA:0,(anonymous_5)
FNDA:0,(anonymous_6)
FNDA:0,(anonymous_7)
FNDA:0,(anonymous_8)
FNDA:0,(anonymous_9)
FNDA:0,(anonymous_10)
FNDA:0,(anonymous_11)
FNDA:0,(anonymous_12)
FNDA:0,(anonymous_13)
FNDA:0,(anonymous_14)
FNDA:0,(anonymous_15)
FNDA:0,(anonymous_16)
DA:2,1
DA:3,1
DA:4,1
DA:5,1
DA:6,1
DA:7,1
DA:8,1
DA:9,0
DA:10,0
DA:11,0
DA:19,0
DA:20,0
DA:22,1
DA:23,0
DA:24,0
DA:25,0
DA:42,0
DA:43,0
DA:45,1
DA:46,0
DA:47,0
DA:48,0
DA:54,0
DA:55,0
DA:57,1
DA:58,0
DA:59,0
DA:60,0
DA:68,0
DA:69,0
DA:71,1
DA:72,0
DA:73,0
DA:74,0
DA:75,0
DA:78,0
DA:92,0
DA:93,0
DA:94,0
DA:95,0
DA:96,0
DA:98,0
DA:100,1
DA:101,0
DA:104,0
DA:109,0
DA:110,0
DA:111,0
DA:113,0
DA:115,1
DA:116,0
DA:117,0
DA:121,0
DA:122,0
DA:124,1
DA:125,0
DA:126,0
DA:130,0
DA:135,0
DA:136,0
DA:138,1
DA:139,0
DA:142,0
DA:151,0
DA:152,0
DA:153,0
DA:154,0
DA:155,0
DA:156,0
DA:158,1
DA:159,0
DA:160,0
DA:164,0
DA:165,0
DA:166,0
DA:167,0
DA:168,0
DA:175,0
DA:176,0
DA:178,1
DA:179,0
DA:180,0
DA:181,0
DA:192,0
DA:193,0
DA:195,1
DA:196,0
DA:197,0
DA:198,0
DA:205,0
DA:206,0
DA:208,1
DA:209,0
DA:212,0
DA:217,0
DA:218,0
DA:219,0
DA:220,0
DA:221,0
DA:222,0
DA:224,0
DA:226,1
DA:227,0
DA:228,0
DA:229,0
DA:245,0
DA:246,0
DA:248,1
DA:249,0
DA:250,0
DA:251,0
DA:260,0
DA:261,0
DA:263,1
DA:264,0
DA:267,0
DA:277,0
DA:278,0
DA:279,0
DA:281,0
DA:283,1
DA:284,0
DA:287,0
DA:296,0
DA:297,0
LF:125
LH:23
BRDA:96,0,0,0
BRDA:96,0,1,0
BRDA:153,1,0,0
BRDA:153,1,1,0
BRDA:154,2,0,0
BRDA:154,2,1,0
BRDA:191,3,0,0
BRDA:191,3,1,0
BRDA:218,4,0,0
BRDA:218,4,1,0
BRDA:220,5,0,0
BRDA:220,5,1,0
BRDA:221,6,0,0
BRDA:221,6,1,0
BRDA:240,7,0,0
BRDA:240,7,1,0
BRDA:242,8,0,0
BRDA:242,8,1,0
BRF:18
BRH:0
end_of_record
TN:
SF:helpers\licencesDB.js
FN:8,(anonymous_0)
FN:48,(anonymous_1)
FN:69,(anonymous_2)
FN:72,(anonymous_3)
FN:79,(anonymous_4)
FN:97,(anonymous_5)
FN:142,(anonymous_6)
FN:179,(anonymous_7)
FN:197,(anonymous_8)
FN:258,(anonymous_9)
FN:287,(anonymous_10)
FN:335,(anonymous_11)
FN:376,(anonymous_12)
FN:405,(anonymous_13)
FN:447,(anonymous_14)
FN:462,(anonymous_15)
FNF:16
FNH:1
FNDA:31,(anonymous_0)
FNDA:0,(anonymous_1)
FNDA:0,(anonymous_2)
FNDA:0,(anonymous_3)
FNDA:0,(anonymous_4)
FNDA:0,(anonymous_5)
FNDA:0,(anonymous_6)
FNDA:0,(anonymous_7)
FNDA:0,(anonymous_8)
FNDA:0,(anonymous_9)
FNDA:0,(anonymous_10)
FNDA:0,(anonymous_11)
FNDA:0,(anonymous_12)
FNDA:0,(anonymous_13)
FNDA:0,(anonymous_14)
FNDA:0,(anonymous_15)
DA:2,1
DA:3,1
DA:4,1
DA:5,1
DA:6,1
DA:7,1
DA:8,1
DA:9,31
DA:10,31
DA:11,31
DA:12,0
DA:14,31
DA:15,0
DA:17,31
DA:18,0
DA:20,31
DA:24,0
DA:26,31
DA:27,0
DA:29,31
DA:30,0
DA:32,0
DA:33,0
DA:34,0
DA:35,0
DA:36,0
DA:38,0
DA:40,0
DA:41,0
DA:43,0
DA:46,31
DA:48,1
DA:49,0
DA:52,0
DA:53,0
DA:54,0
DA:55,0
DA:56,0
DA:57,0
DA:58,0
DA:63,1
DA:68,1
DA:69,1
DA:70,0
DA:72,1
DA:73,0
DA:75,1
DA:78,1
DA:79,1
DA:80,0
DA:81,0
DA:83,0
DA:86,0
DA:93,0
DA:94,0
DA:95,0
DA:97,1
DA:98,0
DA:101,0
DA:102,0
DA:112,0
DA:113,0
DA:114,0
DA:115,0
DA:117,0
DA:118,0
DA:119,0
DA:120,0
DA:122,0
DA:123,0
DA:124,0
DA:126,0
DA:131,0
DA:132,0
DA:133,0
DA:134,0
DA:135,0
DA:136,0
DA:138,0
DA:140,0
DA:142,1
DA:143,0
DA:146,0
DA:147,0
DA:148,0
DA:163,0
DA:166,0
DA:167,0
DA:168,0
DA:169,0
DA:170,0
DA:171,0
DA:172,0
DA:173,0
DA:175,0
DA:177,0
DA:179,1
DA:180,0
DA:181,0
DA:183,0
DA:186,0
DA:193,0
DA:194,0
DA:195,0
DA:197,1
DA:198,0
DA:201,0
DA:202,0
DA:216,0
DA:217,0
DA:218,0
DA:220,0
DA:221,0
DA:222,0
DA:224,0
DA:225,0
DA:226,0
DA:227,0
DA:228,0
DA:231,0
DA:232,0
DA:233,0
DA:234,0
DA:235,0
DA:236,0
DA:239,0
DA:240,0
DA:242,0
DA:243,0
DA:244,0
DA:245,0
DA:246,0
DA:247,0
DA:248,0
DA:250,0
DA:251,0
DA:252,0
DA:253,0
DA:254,0
DA:256,0
DA:258,1
DA:259,0
DA:262,0
DA:276,0
DA:277,0
DA:278,0
DA:279,0
DA:280,0
DA:281,0
DA:282,0
DA:283,0
DA:285,0
DA:287,1
DA:288,0
DA:291,0
DA:292,0
DA:307,0
DA:308,0
DA:309,0
DA:311,0
DA:312,0
DA:313,0
DA:314,0
DA:315,0
DA:317,0
DA:318,0
DA:319,0
DA:322,0
DA:323,0
DA:324,0
DA:325,0
DA:326,0
DA:327,0
DA:328,0
DA:329,0
DA:330,0
DA:331,0
DA:333,0
DA:335,1
DA:336,0
DA:339,0
DA:340,0
DA:361,0
DA:362,0
DA:363,0
DA:365,0
DA:366,0
DA:367,0
DA:369,0
DA:372,0
DA:373,0
DA:374,0
DA:376,1
DA:377,0
DA:380,0
DA:384,0
DA:385,0
DA:399,0
DA:400,0
DA:401,0
DA:403,0
DA:405,1
DA:406,0
DA:407,0
DA:408,0
DA:424,0
DA:425,0
DA:426,0
DA:427,0
DA:429,0
DA:433,0
DA:434,0
DA:435,0
DA:436,0
DA:437,0
DA:443,0
DA:444,0
DA:445,0
DA:447,1
DA:448,0
DA:449,0
DA:450,0
DA:457,0
DA:458,0
DA:459,0
DA:460,0
DA:462,1
DA:463,0
DA:466,0
DA:472,0
DA:488,0
DA:489,0
DA:490,0
DA:492,0
DA:506,0
DA:507,0
DA:508,0
DA:509,0
DA:511,0
DA:512,0
LF:240
LH:35
BRDA:11,0,0,0
BRDA:11,0,1,31
BRDA:14,1,0,0
BRDA:14,1,1,31
BRDA:17,2,0,0
BRDA:17,2,1,31
BRDA:20,3,0,0
BRDA:20,3,1,31
BRDA:20,4,0,31
BRDA:20,4,1,0
BRDA:20,4,2,0
BRDA:20,4,3,0
BRDA:26,5,0,0
BRDA:26,5,1,31
BRDA:29,6,0,0
BRDA:29,6,1,31
BRDA:30,7,0,0
BRDA:30,7,1,0
BRDA:35,8,0,0
BRDA:35,8,1,0
BRDA:40,9,0,0
BRDA:40,9,1,0
BRDA:40,10,0,0
BRDA:40,10,1,0
BRDA:80,11,0,0
BRDA:80,11,1,0
BRDA:112,12,0,0
BRDA:112,12,1,0
BRDA:112,13,0,0
BRDA:112,13,1,0
BRDA:117,14,0,0
BRDA:117,14,1,0
BRDA:117,15,0,0
BRDA:117,15,1,0
BRDA:122,16,0,0
BRDA:122,16,1,0
BRDA:122,17,0,0
BRDA:122,17,1,0
BRDA:137,18,0,0
BRDA:137,18,1,0
BRDA:138,19,0,0
BRDA:138,19,1,0
BRDA:138,20,0,0
BRDA:138,20,1,0
BRDA:170,21,0,0
BRDA:170,21,1,0
BRDA:171,22,0,0
BRDA:171,22,1,0
BRDA:172,23,0,0
BRDA:172,23,1,0
BRDA:174,24,0,0
BRDA:174,24,1,0
BRDA:180,25,0,0
BRDA:180,25,1,0
BRDA:216,26,0,0
BRDA:216,26,1,0
BRDA:220,27,0,0
BRDA:220,27,1,0
BRDA:224,28,0,0
BRDA:224,28,1,0
BRDA:231,29,0,0
BRDA:231,29,1,0
BRDA:246,30,0,0
BRDA:246,30,1,0
BRDA:247,31,0,0
BRDA:247,31,1,0
BRDA:249,32,0,0
BRDA:249,32,1,0
BRDA:307,33,0,0
BRDA:307,33,1,0
BRDA:307,34,0,0
BRDA:307,34,1,0
BRDA:311,35,0,0
BRDA:311,35,1,0
BRDA:313,36,0,0
BRDA:313,36,1,0
BRDA:317,37,0,0
BRDA:317,37,1,0
BRDA:329,38,0,0
BRDA:329,38,1,0
BRDA:329,39,0,0
BRDA:329,39,1,0
BRDA:330,40,0,0
BRDA:330,40,1,0
BRDA:361,41,0,0
BRDA:361,41,1,0
BRDA:361,42,0,0
BRDA:361,42,1,0
BRDA:365,43,0,0
BRDA:365,43,1,0
BRDA:365,44,0,0
BRDA:365,44,1,0
BRDA:425,45,0,0
BRDA:425,45,1,0
BRDA:436,46,0,0
BRDA:436,46,1,0
BRF:96
BRH:7
end_of_record
TN:
SF:helpers\objectFns.js
FN:4,(anonymous_0)
FNF:1
FNH:0
FNDA:0,(anonymous_0)
DA:2,1
DA:3,1
DA:4,1
DA:5,0
DA:6,0
DA:7,0
DA:9,0
LF:7
LH:3
BRF:0
BRH:0
end_of_record
TN:
SF:helpers\reportFns.js
FN:5,(anonymous_0)
FN:9,(anonymous_1)
FN:23,(anonymous_2)
FN:27,(anonymous_3)
FN:29,(anonymous_4)
FN:44,(anonymous_5)
FN:51,(anonymous_6)
FNF:7
FNH:0
FNDA:0,(anonymous_0)
FNDA:0,(anonymous_1)
FNDA:0,(anonymous_2)
FNDA:0,(anonymous_3)
FNDA:0,(anonymous_4)
FNDA:0,(anonymous_5)
FNDA:0,(anonymous_6)
DA:2,1
DA:3,1
DA:4,1
DA:5,1
DA:6,0
DA:7,0
DA:10,0
DA:11,0
DA:21,0
DA:23,1
DA:24,0
DA:25,0
DA:28,0
DA:30,0
DA:42,0
DA:44,1
DA:45,0
DA:46,0
DA:52,0
DA:66,0
LF:20
LH:6
BRDA:19,0,0,0
BRDA:19,0,1,0
BRDA:41,1,0,0
BRDA:41,1,1,0
BRDA:64,2,0,0
BRDA:64,2,1,0
BRDA:65,3,0,0
BRDA:65,3,1,0
BRF:8
BRH:0
end_of_record
TN:
SF:helpers\userFns.js
FN:4,(anonymous_0)
FN:12,(anonymous_1)
FN:20,(anonymous_2)
FN:28,(anonymous_3)
FN:31,(anonymous_4)
FNF:5
FNH:3
FNDA:3,(anonymous_0)
FNDA:3,(anonymous_1)
FNDA:3,(anonymous_2)
FNDA:0,(anonymous_3)
FNDA:0,(anonymous_4)
DA:2,1
DA:3,1
DA:4,1
DA:6,3
DA:7,3
DA:8,1
DA:10,2
DA:12,1
DA:14,3
DA:15,3
DA:16,1
DA:18,2
DA:20,1
DA:22,3
DA:23,3
DA:24,1
DA:26,2
DA:28,1
DA:29,0
DA:31,1
DA:32,0
LF:21
LH:19
BRDA:6,0,0,1
BRDA:6,0,1,2
BRDA:6,1,0,3
BRDA:6,1,1,3
BRDA:7,2,0,1
BRDA:7,2,1,2
BRDA:14,3,0,1
BRDA:14,3,1,2
BRDA:14,4,0,3
BRDA:14,4,1,3
BRDA:15,5,0,1
BRDA:15,5,1,2
BRDA:22,6,0,1
BRDA:22,6,1,2
BRDA:22,7,0,3
BRDA:22,7,1,3
BRDA:23,8,0,1
BRDA:23,8,1,2
BRF:18
BRH:18
end_of_record
TN:
SF:helpers\licencesDB\addLicenceAmendment.js
FN:5,(anonymous_0)
FNF:1
FNH:0
FNDA:0,(anonymous_0)
DA:2,1
DA:3,1
DA:4,1
DA:5,1
DA:6,0
DA:12,0
DA:13,0
DA:14,0
DA:15,0
DA:16,0
DA:21,0
LF:11
LH:4
BRDA:12,0,0,0
BRDA:12,0,1,0
BRF:2
BRH:0
end_of_record
TN:
SF:helpers\licencesDB\addOrganizationBankRecord.js
FN:7,(anonymous_0)
FNF:1
FNH:0
FNDA:0,(anonymous_0)
DA:2,1
DA:3,1
DA:4,1
DA:5,1
DA:6,1
DA:7,1
DA:8,0
DA:9,0
DA:17,0
DA:18,0
DA:19,0
DA:23,0
DA:24,0
DA:25,0
DA:29,0
DA:30,0
DA:33,0
DA:37,0
DA:38,0
DA:39,0
DA:45,0
DA:46,0
LF:22
LH:6
BRDA:17,0,0,0
BRDA:17,0,1,0
BRDA:18,1,0,0
BRDA:18,1,1,0
BRDA:23,2,0,0
BRDA:23,2,1,0
BRDA:44,3,0,0
BRDA:44,3,1,0
BRF:8
BRH:0
end_of_record
TN:
SF:helpers\licencesDB\addOrganizationReminder.js
FN:7,(anonymous_0)
FN:41,(anonymous_1)
FNF:2
FNH:0
FNDA:0,(anonymous_0)
FNDA:0,(anonymous_1)
DA:2,1
DA:3,1
DA:4,1
DA:5,1
DA:6,1
DA:7,1
DA:8,0
DA:12,0
DA:13,0
DA:14,0
DA:22,0
DA:39,0
DA:41,1
DA:42,0
DA:43,0
DA:44,0
DA:45,0
LF:17
LH:7
BRDA:19,0,0,0
BRDA:19,0,1,0
BRDA:19,1,0,0
BRDA:19,1,1,0
BRF:4
BRH:0
end_of_record
TN:
SF:helpers\licencesDB\addOrganizationRepresentative.js
FN:6,(anonymous_0)
FNF:1
FNH:0
FNDA:0,(anonymous_0)
DA:2,1
DA:3,1
DA:4,1
DA:5,1
DA:6,1
DA:7,0
DA:8,0
DA:13,0
DA:14,0
DA:15,0
DA:24,0
DA:25,0
DA:40,0
LF:13
LH:5
BRDA:14,0,0,0
BRDA:14,0,1,0
BRF:2
BRH:0
end_of_record
TN:
SF:helpers\licencesDB\addTransaction.js
FN:9,(anonymous_0)
FNF:1
FNH:0
FNDA:0,(anonymous_0)
DA:2,1
DA:3,1
DA:4,1
DA:5,1
DA:6,1
DA:7,1
DA:8,1
DA:9,1
DA:10,0
DA:11,0
DA:18,0
DA:22,0
DA:23,0
DA:24,0
DA:25,0
DA:26,0
DA:34,0
DA:35,0
DA:37,0
DA:38,0
DA:49,0
DA:50,0
LF:22
LH:8
BRDA:34,0,0,0
BRDA:34,0,1,0
BRDA:37,1,0,0
BRDA:37,1,1,0
BRF:4
BRH:0
end_of_record
TN:
SF:helpers\licencesDB\createLicence.js
FN:10,(anonymous_0)
FN:51,(anonymous_1)
FNF:2
FNH:0
FNDA:0,(anonymous_0)
FNDA:0,(anonymous_1)
DA:2,1
DA:3,1
DA:4,1
DA:5,1
DA:6,1
DA:7,1
DA:8,1
DA:9,1
DA:10,1
DA:11,0
DA:12,0
DA:13,0
DA:14,0
DA:15,0
DA:18,0
DA:20,0
DA:29,0
DA:30,0
DA:31,0
DA:32,0
DA:33,0
DA:34,0
DA:36,0
DA:41,0
DA:42,0
DA:50,0
DA:51,0
DA:52,0
DA:65,0
DA:66,0
DA:73,0
DA:74,0
DA:75,0
DA:83,0
DA:90,0
DA:91,0
DA:95,0
DA:96,0
DA:97,0
DA:98,0
LF:40
LH:9
BRDA:28,0,0,0
BRDA:28,0,1,0
BRDA:33,1,0,0
BRDA:33,1,1,0
BRDA:33,2,0,0
BRDA:33,2,1,0
BRDA:41,3,0,0
BRDA:41,3,1,0
BRDA:48,4,0,0
BRDA:48,4,1,0
BRDA:48,5,0,0
BRDA:48,5,1,0
BRDA:50,6,0,0
BRDA:50,6,1,0
BRDA:58,7,0,0
BRDA:58,7,1,0
BRDA:60,8,0,0
BRDA:60,8,1,0
BRDA:65,9,0,0
BRDA:65,9,1,0
BRDA:73,10,0,0
BRDA:73,10,1,0
BRF:22
BRH:0
end_of_record
TN:
SF:helpers\licencesDB\createLocation.js
FN:6,(anonymous_0)
FNF:1
FNH:0
FNDA:0,(anonymous_0)
DA:2,1
DA:3,1
DA:4,1
DA:5,1
DA:6,1
DA:7,0
DA:8,0
DA:9,0
DA:15,0
DA:16,0
LF:10
LH:5
BRDA:14,0,0,0
BRDA:14,0,1,0
BRDA:14,1,0,0
BRDA:14,1,1,0
BRF:4
BRH:0
end_of_record
TN:
SF:helpers\licencesDB\deleteLicence.js
FN:7,(anonymous_0)
FNF:1
FNH:0
FNDA:0,(anonymous_0)
DA:2,1
DA:3,1
DA:4,1
DA:5,1
DA:6,1
DA:7,1
DA:8,0
DA:9,0
DA:10,0
DA:16,0
DA:17,0
DA:18,0
DA:25,0
DA:26,0
DA:27,0
DA:28,0
LF:16
LH:6
BRDA:17,0,0,0
BRDA:17,0,1,0
BRF:2
BRH:0
end_of_record
TN:
SF:helpers\licencesDB\deleteLocation.js
FN:6,(anonymous_0)
FNF:1
FNH:0
FNDA:0,(anonymous_0)
DA:2,1
DA:3,1
DA:4,1
DA:5,1
DA:6,1
DA:7,0
DA:8,0
DA:9,0
DA:15,0
DA:16,0
LF:10
LH:5
BRF:0
BRH:0
end_of_record
TN:
SF:helpers\licencesDB\deleteOrganizationBankRecord.js
FN:6,(anonymous_0)
FNF:1
FNH:0
FNDA:0,(anonymous_0)
DA:2,1
DA:3,1
DA:4,1
DA:5,1
DA:6,1
DA:7,0
DA:8,0
DA:9,0
DA:16,0
DA:17,0
LF:10
LH:5
BRF:0
BRH:0
end_of_record
TN:
SF:helpers\licencesDB\deleteOrganizationReminder.js
FN:6,(anonymous_0)
FN:16,(anonymous_1)
FNF:2
FNH:0
FNDA:0,(anonymous_0)
FNDA:0,(anonymous_1)
DA:2,1
DA:3,1
DA:4,1
DA:5,1
DA:6,1
DA:7,0
DA:14,0
DA:16,1
DA:17,0
DA:18,0
DA:19,0
DA:20,0
LF:12
LH:6
BRF:0
BRH:0
end_of_record
TN:
SF:helpers\licencesDB\getApplicationSetting.js
FN:6,(anonymous_0)
FN:16,(anonymous_1)
FNF:2
FNH:2
FNDA:1,(anonymous_0)
FNDA:1,(anonymous_1)
DA:2,1
DA:3,1
DA:4,1
DA:5,1
DA:6,1
DA:7,1
DA:11,1
DA:12,0
DA:14,1
DA:16,1
DA:17,1
DA:20,1
DA:21,1
DA:22,1
LF:14
LH:13
BRDA:11,0,0,0
BRDA:11,0,1,1
BRDA:12,1,0,0
BRDA:12,1,1,0
BRF:4
BRH:1
end_of_record
TN:
SF:helpers\licencesDB\getApplicationSettings.js
FN:6,(anonymous_0)
FNF:1
FNH:0
FNDA:0,(anonymous_0)
DA:2,1
DA:3,1
DA:4,1
DA:5,1
DA:6,1
DA:7,0
DA:10,0
DA:11,0
DA:12,0
LF:9
LH:5
BRF:0
BRH:0
end_of_record
TN:
SF:helpers\licencesDB\getDashboardStats.js
FN:7,(anonymous_0)
FNF:1
FNH:0
FNDA:0,(anonymous_0)
DA:2,1
DA:3,1
DA:4,1
DA:5,1
DA:6,1
DA:7,1
DA:8,0
DA:9,0
DA:10,0
DA:11,0
DA:12,0
DA:13,0
DA:14,0
DA:17,0
DA:25,0
DA:33,0
DA:34,0
DA:35,0
DA:49,0
DA:50,0
DA:51,0
DA:55,0
DA:63,0
DA:64,0
DA:65,0
DA:76,0
DA:77,0
DA:80,0
DA:81,0
DA:94,0
LF:30
LH:6
BRDA:34,0,0,0
BRDA:34,0,1,0
BRDA:34,1,0,0
BRDA:34,1,1,0
BRDA:52,2,0,0
BRDA:52,2,1,0
BRDA:64,3,0,0
BRDA:64,3,1,0
BRDA:64,4,0,0
BRDA:64,4,1,0
BRF:10
BRH:0
end_of_record
TN:
SF:helpers\licencesDB\getDistinctTermsConditions.js
FN:7,(anonymous_0)
FNF:1
FNH:0
FNDA:0,(anonymous_0)
DA:2,1
DA:3,1
DA:4,1
DA:5,1
DA:6,1
DA:7,1
DA:8,0
DA:11,0
DA:22,0
DA:23,0
DA:24,0
DA:26,0
LF:12
LH:6
BRF:0
BRH:0
end_of_record
TN:
SF:helpers\licencesDB\getEvent.js
FN:8,(anonymous_0)
FNF:1
FNH:1
FNDA:1,(anonymous_0)
DA:2,1
DA:3,1
DA:4,1
DA:5,1
DA:6,1
DA:7,1
DA:8,1
DA:9,1
DA:12,1
DA:18,1
DA:19,0
DA:20,0
DA:21,0
DA:22,0
DA:23,0
DA:24,0
DA:27,0
DA:28,0
DA:32,0
DA:34,1
DA:35,1
LF:21
LH:12
BRDA:18,0,0,0
BRDA:18,0,1,1
BRDA:22,1,0,0
BRDA:22,1,1,0
BRDA:23,2,0,0
BRDA:23,2,1,0
BRDA:24,3,0,0
BRDA:24,3,1,0
BRDA:25,4,0,0
BRDA:25,4,1,0
BRDA:26,5,0,0
BRDA:26,5,1,0
BRDA:32,6,0,0
BRDA:32,6,1,0
BRF:14
BRH:1
end_of_record
TN:
SF:helpers\licencesDB\getInactiveLocations.js
FN:7,(anonymous_0)
FNF:1
FNH:1
FNDA:1,(anonymous_0)
DA:2,1
DA:3,1
DA:4,1
DA:5,1
DA:6,1
DA:7,1
DA:8,1
DA:9,1
DA:10,1
DA:11,1
DA:14,1
DA:43,1
DA:44,1
DA:45,202
DA:47,202
DA:48,202
DA:49,202
DA:50,202
DA:53,1
LF:19
LH:19
BRDA:46,0,0,1
BRDA:46,0,1,201
BRDA:48,1,0,202
BRDA:48,1,1,18
BRDA:49,2,0,202
BRDA:49,2,1,201
BRDA:51,3,0,202
BRDA:51,3,1,200
BRF:8
BRH:8
end_of_record
TN:
SF:helpers\licencesDB\getLicence.js
FN:8,(anonymous_0)
FN:109,(anonymous_1)
FNF:2
FNH:2
FNDA:1,(anonymous_0)
FNDA:1,(anonymous_1)
DA:2,1
DA:3,1
DA:4,1
DA:5,1
DA:6,1
DA:7,1
DA:8,1
DA:9,1
DA:16,1
DA:17,1
DA:19,0
DA:20,0
DA:21,0
DA:22,0
DA:23,0
DA:24,0
DA:25,0
DA:26,0
DA:27,0
DA:29,0
DA:30,0
DA:31,0
DA:32,0
DA:45,0
DA:46,0
DA:49,0
DA:53,0
DA:55,0
DA:56,0
DA:59,0
DA:61,0
DA:62,0
DA:70,0
DA:71,0
DA:72,0
DA:76,0
DA:78,0
DA:79,0
DA:85,0
DA:86,0
DA:87,0
DA:89,0
DA:91,0
DA:92,0
DA:97,0
DA:98,0
DA:99,0
DA:100,0
DA:101,0
DA:103,0
DA:104,0
DA:107,0
DA:109,1
DA:110,1
DA:113,1
DA:120,1
DA:121,1
LF:57
LH:15
BRDA:16,0,0,1
BRDA:16,0,1,0
BRDA:20,1,0,0
BRDA:20,1,1,0
BRDA:21,2,0,0
BRDA:21,2,1,0
BRDA:22,3,0,0
BRDA:22,3,1,0
BRDA:23,4,0,0
BRDA:23,4,1,0
BRDA:24,5,0,0
BRDA:24,5,1,0
BRDA:25,6,0,0
BRDA:25,6,1,0
BRDA:26,7,0,0
BRDA:26,7,1,0
BRDA:28,8,0,0
BRDA:28,8,1,0
BRDA:30,9,0,0
BRDA:30,9,1,0
BRDA:31,10,0,0
BRDA:31,10,1,0
BRDA:31,11,0,0
BRDA:31,11,1,0
BRDA:46,12,0,0
BRDA:46,12,1,0
BRDA:49,13,0,0
BRDA:49,13,1,0
BRDA:55,14,0,0
BRDA:55,14,1,0
BRDA:55,15,0,0
BRDA:55,15,1,0
BRDA:61,16,0,0
BRDA:61,16,1,0
BRDA:61,17,0,0
BRDA:61,17,1,0
BRDA:72,18,0,0
BRDA:72,18,1,0
BRDA:73,19,0,0
BRDA:73,19,1,0
BRDA:74,20,0,0
BRDA:74,20,1,0
BRDA:78,21,0,0
BRDA:78,21,1,0
BRDA:78,22,0,0
BRDA:78,22,1,0
BRDA:91,23,0,0
BRDA:91,23,1,0
BRDA:91,24,0,0
BRDA:91,24,1,0
BRF:50
BRH:1
end_of_record
TN:
SF:helpers\licencesDB\getLicences.js
FN:8,(anonymous_0)
FNF:1
FNH:1
FNDA:2,(anonymous_0)
DA:2,1
DA:3,1
DA:4,1
DA:5,1
DA:6,1
DA:7,1
DA:8,1
DA:9,2
DA:10,0
DA:12,2
DA:15,2
DA:16,2
DA:17,2
DA:18,0
DA:19,0
DA:20,0
DA:21,0
DA:24,2
DA:25,0
DA:26,0
DA:28,2
DA:29,0
DA:30,0
DA:31,0
DA:32,0
DA:35,2
DA:36,0
DA:37,0
DA:39,2
DA:40,0
DA:41,0
DA:42,0
DA:44,0
DA:45,0
DA:46,0
DA:49,2
DA:50,0
DA:56,0
DA:57,0
DA:58,0
DA:60,2
DA:61,0
DA:62,0
DA:63,0
DA:64,0
DA:65,0
DA:68,2
DA:69,2
DA:70,2
DA:78,2
DA:95,2
DA:96,2
DA:99,2
DA:101,2
DA:102,2
DA:103,11
DA:104,11
DA:105,11
DA:106,11
DA:107,11
DA:108,11
DA:109,11
DA:110,11
DA:112,11
DA:114,2
LF:65
LH:37
BRDA:9,0,0,0
BRDA:9,0,1,2
BRDA:9,1,0,2
BRDA:9,1,1,0
BRDA:17,2,0,0
BRDA:17,2,1,2
BRDA:17,3,0,2
BRDA:17,3,1,0
BRDA:24,4,0,0
BRDA:24,4,1,2
BRDA:24,5,0,2
BRDA:24,5,1,0
BRDA:28,6,0,0
BRDA:28,6,1,2
BRDA:28,7,0,2
BRDA:28,7,1,0
BRDA:35,8,0,0
BRDA:35,8,1,2
BRDA:35,9,0,2
BRDA:35,9,1,0
BRDA:39,10,0,0
BRDA:39,10,1,2
BRDA:40,11,0,0
BRDA:40,11,1,0
BRDA:44,12,0,0
BRDA:44,12,1,0
BRDA:49,13,0,0
BRDA:49,13,1,2
BRDA:60,14,0,0
BRDA:60,14,1,2
BRDA:60,15,0,2
BRDA:60,15,1,0
BRDA:69,16,0,2
BRDA:69,16,1,0
BRDA:79,17,0,1
BRDA:79,17,1,1
BRDA:90,18,0,1
BRDA:90,18,1,1
BRDA:95,19,0,2
BRDA:95,19,1,0
BRDA:97,20,0,2
BRDA:97,20,1,2
BRDA:104,21,0,11
BRDA:104,21,1,0
BRDA:105,22,0,11
BRDA:105,22,1,0
BRDA:106,23,0,11
BRDA:106,23,1,0
BRDA:107,24,0,11
BRDA:107,24,1,0
BRDA:108,25,0,11
BRDA:108,25,1,0
BRDA:109,26,0,11
BRDA:109,26,1,0
BRDA:111,27,0,0
BRDA:111,27,1,11
BRDA:115,28,0,0
BRDA:115,28,1,2
BRF:58
BRH:30
end_of_record
TN:
SF:helpers\licencesDB\getLocation.js
FN:7,(anonymous_0)
FNF:1
FNH:1
FNDA:1,(anonymous_0)
DA:2,1
DA:3,1
DA:4,1
DA:5,1
DA:6,1
DA:7,1
DA:8,1
DA:11,1
DA:14,1
DA:15,0
DA:16,0
DA:18,0
DA:20,1
DA:21,1
LF:14
LH:11
BRDA:14,0,0,0
BRDA:14,0,1,1
BRDA:17,1,0,0
BRDA:17,1,1,0
BRF:4
BRH:1
end_of_record
TN:
SF:helpers\licencesDB\getLocations.js
FN:8,(anonymous_0)
FNF:1
FNH:1
FNDA:1,(anonymous_0)
DA:2,1
DA:3,1
DA:4,1
DA:5,1
DA:6,1
DA:7,1
DA:8,1
DA:9,1
DA:12,1
DA:13,1
DA:14,1
DA:15,0
DA:16,0
DA:17,0
DA:18,0
DA:19,0
DA:22,1
DA:23,1
DA:24,1
DA:26,1
DA:27,1
DA:28,1
DA:30,1
DA:31,0
DA:32,0
DA:36,0
DA:38,1
DA:39,1
DA:40,1
DA:46,1
DA:78,1
DA:79,1
DA:82,1
DA:83,1
DA:84,1
DA:85,10
DA:86,10
DA:88,10
DA:89,10
DA:90,10
DA:91,10
DA:93,1
LF:42
LH:34
BRDA:14,0,0,0
BRDA:14,0,1,1
BRDA:14,1,0,1
BRDA:14,1,1,0
BRDA:22,2,0,1
BRDA:22,2,1,0
BRDA:26,3,0,1
BRDA:26,3,1,0
BRDA:30,4,0,0
BRDA:30,4,1,1
BRDA:39,5,0,1
BRDA:39,5,1,0
BRDA:78,6,0,1
BRDA:78,6,1,0
BRDA:87,7,0,2
BRDA:87,7,1,8
BRDA:94,8,0,0
BRDA:94,8,1,1
BRF:18
BRH:10
end_of_record
TN:
SF:helpers\licencesDB\getNextExternalLicenceNumberFromRange.js
FN:7,(anonymous_0)
FNF:1
FNH:0
FNDA:0,(anonymous_0)
DA:2,1
DA:3,1
DA:4,1
DA:5,1
DA:6,1
DA:7,1
DA:8,0
DA:11,0
DA:12,0
DA:13,0
DA:14,0
DA:19,0
DA:20,0
DA:21,0
DA:23,0
DA:24,0
DA:25,0
DA:27,0
DA:28,0
DA:29,0
DA:31,0
LF:21
LH:6
BRDA:12,0,0,0
BRDA:12,0,1,0
BRDA:13,1,0,0
BRDA:13,1,1,0
BRDA:20,2,0,0
BRDA:20,2,1,0
BRDA:24,3,0,0
BRDA:24,3,1,0
BRDA:28,4,0,0
BRDA:28,4,1,0
BRF:10
BRH:0
end_of_record
TN:
SF:helpers\licencesDB\getOrganization.js
FN:8,(anonymous_0)
FNF:1
FNH:1
FNDA:1,(anonymous_0)
DA:2,1
DA:3,1
DA:4,1
DA:5,1
DA:6,1
DA:7,1
DA:8,1
DA:9,1
DA:12,1
DA:15,1
DA:16,0
DA:17,0
DA:18,0
DA:19,0
DA:20,0
DA:24,0
DA:26,1
DA:27,1
LF:18
LH:12
BRDA:15,0,0,0
BRDA:15,0,1,1
BRF:2
BRH:1
end_of_record
TN:
SF:helpers\licencesDB\getOrganizationRemarks.js
FN:8,(anonymous_0)
FNF:1
FNH:0
FNDA:0,(anonymous_0)
DA:2,1
DA:3,1
DA:4,1
DA:5,1
DA:6,1
DA:7,1
DA:8,1
DA:9,0
DA:12,0
DA:21,0
DA:22,0
DA:23,0
DA:24,0
DA:25,0
DA:26,0
DA:28,0
LF:16
LH:7
BRDA:24,0,0,0
BRDA:24,0,1,0
BRDA:25,1,0,0
BRDA:25,1,1,0
BRF:4
BRH:0
end_of_record
TN:
SF:helpers\licencesDB\getOrganizationReminders.js
FN:11,(anonymous_0)
FN:20,(anonymous_1)
FN:38,(anonymous_2)
FN:44,(anonymous_3)
FN:69,(anonymous_4)
FNF:5
FNH:1
FNDA:1,(anonymous_0)
FNDA:0,(anonymous_1)
FNDA:0,(anonymous_2)
FNDA:0,(anonymous_3)
FNDA:0,(anonymous_4)
DA:2,1
DA:3,1
DA:4,1
DA:5,1
DA:6,1
DA:7,1
DA:8,1
DA:9,1
DA:10,1
DA:11,1
DA:12,1
DA:13,1
DA:14,2
DA:15,8
DA:16,8
DA:20,1
DA:21,0
DA:22,0
DA:24,0
DA:25,0
DA:27,0
DA:28,0
DA:30,0
DA:31,0
DA:33,0
DA:34,0
DA:36,0
DA:38,1
DA:39,0
DA:40,0
DA:42,0
DA:44,1
DA:45,0
DA:53,0
DA:54,0
DA:55,0
DA:56,0
DA:57,0
DA:59,0
DA:61,0
DA:62,0
DA:64,0
DA:65,0
DA:67,0
DA:69,1
DA:70,0
DA:73,0
DA:74,0
DA:75,0
LF:49
LH:19
BRDA:21,0,0,0
BRDA:21,0,1,0
BRDA:21,1,0,0
BRDA:21,1,1,0
BRDA:24,2,0,0
BRDA:24,2,1,0
BRDA:24,3,0,0
BRDA:24,3,1,0
BRDA:27,4,0,0
BRDA:27,4,1,0
BRDA:27,5,0,0
BRDA:27,5,1,0
BRDA:30,6,0,0
BRDA:30,6,1,0
BRDA:30,7,0,0
BRDA:30,7,1,0
BRDA:33,8,0,0
BRDA:33,8,1,0
BRDA:39,9,0,0
BRDA:39,9,1,0
BRDA:55,10,0,0
BRDA:55,10,1,0
BRDA:56,11,0,0
BRDA:56,11,1,0
BRDA:59,12,0,0
BRDA:59,12,1,0
BRF:26
BRH:0
end_of_record
TN:
SF:helpers\licencesDB\getOrganizations.js
FN:8,(anonymous_0)
FNF:1
FNH:1
FNDA:1,(anonymous_0)
DA:2,1
DA:3,1
DA:4,1
DA:5,1
DA:6,1
DA:7,1
DA:8,1
DA:9,1
DA:12,1
DA:13,1
DA:22,1
DA:23,0
DA:24,0
DA:25,0
DA:26,0
DA:29,1
DA:30,0
DA:31,0
DA:32,0
DA:35,0
DA:38,1
DA:39,0
DA:40,0
DA:42,1
DA:43,0
DA:44,0
DA:48,0
DA:50,1
DA:54,1
DA:55,1
DA:58,1
DA:59,1
DA:60,1
DA:61,10
DA:62,10
DA:63,10
DA:64,10
DA:65,10
DA:66,10
DA:67,10
DA:69,1
LF:41
LH:28
BRDA:22,0,0,0
BRDA:22,0,1,1
BRDA:22,1,0,1
BRDA:22,1,1,0
BRDA:29,2,0,0
BRDA:29,2,1,1
BRDA:29,3,0,1
BRDA:29,3,1,0
BRDA:38,4,0,0
BRDA:38,4,1,1
BRDA:38,5,0,1
BRDA:38,5,1,0
BRDA:42,6,0,0
BRDA:42,6,1,1
BRDA:42,7,0,1
BRDA:42,7,1,0
BRDA:54,8,0,1
BRDA:54,8,1,0
BRDA:56,9,0,1
BRDA:56,9,1,1
BRDA:62,10,0,10
BRDA:62,10,1,1
BRF:22
BRH:13
end_of_record
TN:
SF:helpers\licencesDB\getUndismissedOrganizationReminders.js
FN:8,(anonymous_0)
FNF:1
FNH:0
FNDA:0,(anonymous_0)
DA:2,1
DA:3,1
DA:4,1
DA:5,1
DA:6,1
DA:7,1
DA:8,1
DA:9,0
DA:12,0
DA:23,0
DA:24,0
DA:25,0
DA:26,0
DA:27,0
DA:29,0
LF:15
LH:7
BRDA:26,0,0,0
BRDA:26,0,1,0
BRF:2
BRH:0
end_of_record
TN:
SF:helpers\licencesDB\issueLicence.js
FN:7,(anonymous_0)
FNF:1
FNH:0
FNDA:0,(anonymous_0)
DA:2,1
DA:3,1
DA:4,1
DA:5,1
DA:6,1
DA:7,1
DA:8,0
DA:9,0
DA:10,0
DA:11,0
DA:12,0
DA:22,0
DA:23,0
LF:13
LH:6
BRF:0
BRH:0
end_of_record
TN:
SF:helpers\licencesDB\mergeLocations.js
FN:6,(anonymous_0)
FNF:1
FNH:0
FNDA:0,(anonymous_0)
DA:2,1
DA:3,1
DA:4,1
DA:5,1
DA:6,1
DA:7,0
DA:8,0
DA:9,0
DA:16,0
DA:17,0
DA:18,0
DA:20,0
DA:21,0
DA:22,0
DA:24,0
DA:29,0
DA:34,0
DA:39,0
DA:44,0
DA:49,0
DA:50,0
LF:21
LH:5
BRDA:16,0,0,0
BRDA:16,0,1,0
BRDA:20,1,0,0
BRDA:20,1,1,0
BRF:4
BRH:0
end_of_record
TN:
SF:helpers\licencesDB\pokeEvent.js
FN:6,(anonymous_0)
FNF:1
FNH:0
FNDA:0,(anonymous_0)
DA:2,1
DA:3,1
DA:4,1
DA:5,1
DA:6,1
DA:7,0
DA:8,0
DA:9,0
DA:16,0
DA:17,0
LF:10
LH:5
BRF:0
BRH:0
end_of_record
TN:
SF:helpers\licencesDB\pokeLicence.js
FN:6,(anonymous_0)
FNF:1
FNH:0
FNDA:0,(anonymous_0)
DA:2,1
DA:3,1
DA:4,1
DA:5,1
DA:6,1
DA:7,0
DA:8,0
DA:9,0
DA:15,0
DA:16,0
LF:10
LH:5
BRF:0
BRH:0
end_of_record
TN:
SF:helpers\licencesDB\restoreLocation.js
FN:6,(anonymous_0)
FNF:1
FNH:0
FNDA:0,(anonymous_0)
DA:2,1
DA:3,1
DA:4,1
DA:5,1
DA:6,1
DA:7,0
DA:8,0
DA:9,0
DA:17,0
DA:18,0
LF:10
LH:5
BRF:0
BRH:0
end_of_record
TN:
SF:helpers\licencesDB\rollForwardOrganization.js
FN:11,(anonymous_0)
FNF:1
FNH:0
FNDA:0,(anonymous_0)
DA:2,1
DA:3,1
DA:4,1
DA:5,1
DA:6,1
DA:7,1
DA:8,1
DA:9,1
DA:10,1
DA:11,1
DA:12,0
DA:13,0
DA:14,0
DA:19,0
DA:20,0
DA:21,0
DA:26,0
DA:27,0
DA:28,0
DA:33,0
DA:34,0
DA:35,0
DA:40,0
DA:41,0
DA:42,0
DA:43,0
DA:44,0
DA:45,0
DA:53,0
DA:54,0
DA:55,0
DA:56,0
DA:57,0
DA:58,0
DA:61,0
DA:62,0
DA:63,0
DA:64,0
DA:66,0
DA:67,0
DA:68,0
DA:78,0
DA:79,0
LF:43
LH:10
BRDA:19,0,0,0
BRDA:19,0,1,0
BRDA:26,1,0,0
BRDA:26,1,1,0
BRDA:33,2,0,0
BRDA:33,2,1,0
BRDA:40,3,0,0
BRDA:40,3,1,0
BRDA:53,4,0,0
BRDA:53,4,1,0
BRDA:57,5,0,0
BRDA:57,5,1,0
BRDA:63,6,0,0
BRDA:63,6,1,0
BRDA:67,7,0,0
BRDA:67,7,1,0
BRDA:67,8,0,0
BRDA:67,8,1,0
BRF:18
BRH:0
end_of_record
TN:
SF:helpers\licencesDB\unissueLicence.js
FN:7,(anonymous_0)
FNF:1
FNH:0
FNDA:0,(anonymous_0)
DA:2,1
DA:3,1
DA:4,1
DA:5,1
DA:6,1
DA:7,1
DA:8,0
DA:9,0
DA:10,0
DA:19,0
DA:20,0
DA:21,0
DA:23,0
DA:24,0
LF:14
LH:6
BRDA:20,0,0,0
BRDA:20,0,1,0
BRF:2
BRH:0
end_of_record
TN:
SF:helpers\licencesDB\updateApplicationSetting.js
FN:6,(anonymous_0)
FNF:1
FNH:0
FNDA:0,(anonymous_0)
DA:2,1
DA:3,1
DA:4,1
DA:5,1
DA:6,1
DA:7,0
DA:8,0
DA:9,0
DA:15,0
DA:16,0
LF:10
LH:5
BRF:0
BRH:0
end_of_record
TN:
SF:helpers\licencesDB\updateLicence.js
FN:11,(anonymous_0)
FN:202,(anonymous_1)
FN:212,(anonymous_2)
FN:229,(anonymous_3)
FNF:4
FNH:0
FNDA:0,(anonymous_0)
FNDA:0,(anonymous_1)
FNDA:0,(anonymous_2)
FNDA:0,(anonymous_3)
DA:2,1
DA:3,1
DA:4,1
DA:5,1
DA:6,1
DA:7,1
DA:8,1
DA:9,1
DA:10,1
DA:11,1
DA:12,0
DA:13,0
DA:20,0
DA:21,0
DA:22,0
DA:24,0
DA:25,0
DA:26,0
DA:27,0
DA:30,0
DA:32,0
DA:33,0
DA:34,0
DA:35,0
DA:36,0
DA:57,0
DA:58,0
DA:59,0
DA:60,0
DA:62,0
DA:63,0
DA:68,0
DA:80,0
DA:82,0
DA:84,0
DA:86,0
DA:88,0
DA:90,0
DA:92,0
DA:95,0
DA:98,0
DA:99,0
DA:100,0
DA:101,0
DA:102,0
DA:104,0
DA:109,0
DA:110,0
DA:116,0
DA:118,0
DA:121,0
DA:122,0
DA:123,0
DA:129,0
DA:131,0
DA:135,0
DA:136,0
DA:149,0
DA:150,0
DA:156,0
DA:158,0
DA:161,0
DA:162,0
DA:163,0
DA:175,0
DA:176,0
DA:182,0
DA:184,0
DA:188,0
DA:189,0
DA:200,0
DA:201,0
DA:202,0
DA:203,0
DA:206,0
DA:211,0
DA:212,0
DA:213,0
DA:228,0
DA:229,0
DA:230,0
DA:233,0
DA:239,0
DA:240,0
DA:246,0
DA:251,0
DA:252,0
DA:259,0
DA:260,0
DA:261,0
DA:269,0
DA:270,0
DA:271,0
DA:272,0
LF:94
LH:10
BRDA:20,0,0,0
BRDA:20,0,1,0
BRDA:56,1,0,0
BRDA:56,1,1,0
BRDA:58,2,0,0
BRDA:58,2,1,0
BRDA:62,3,0,0
BRDA:62,3,1,0
BRDA:63,4,0,0
BRDA:63,4,1,0
BRDA:63,5,0,0
BRDA:63,5,1,0
BRDA:63,5,2,0
BRDA:63,5,3,0
BRDA:63,5,4,0
BRDA:68,6,0,0
BRDA:68,6,1,0
BRDA:71,7,0,0
BRDA:71,7,1,0
BRDA:74,8,0,0
BRDA:74,8,1,0
BRDA:77,9,0,0
BRDA:77,9,1,0
BRDA:82,10,0,0
BRDA:82,10,1,0
BRDA:82,11,0,0
BRDA:82,11,1,0
BRDA:86,12,0,0
BRDA:86,12,1,0
BRDA:86,13,0,0
BRDA:86,13,1,0
BRDA:90,14,0,0
BRDA:90,14,1,0
BRDA:90,15,0,0
BRDA:90,15,1,0
BRDA:101,16,0,0
BRDA:101,16,1,0
BRDA:101,17,0,0
BRDA:101,17,1,0
BRDA:109,18,0,0
BRDA:109,18,1,0
BRDA:116,19,0,0
BRDA:116,19,1,0
BRDA:116,20,0,0
BRDA:116,20,1,0
BRDA:121,21,0,0
BRDA:121,21,1,0
BRDA:129,22,0,0
BRDA:129,22,1,0
BRDA:129,23,0,0
BRDA:129,23,1,0
BRDA:135,24,0,0
BRDA:135,24,1,0
BRDA:149,25,0,0
BRDA:149,25,1,0
BRDA:156,26,0,0
BRDA:156,26,1,0
BRDA:156,27,0,0
BRDA:156,27,1,0
BRDA:161,28,0,0
BRDA:161,28,1,0
BRDA:175,29,0,0
BRDA:175,29,1,0
BRDA:182,30,0,0
BRDA:182,30,1,0
BRDA:182,31,0,0
BRDA:182,31,1,0
BRDA:188,32,0,0
BRDA:188,32,1,0
BRDA:199,33,0,0
BRDA:199,33,1,0
BRDA:199,34,0,0
BRDA:199,34,1,0
BRDA:200,35,0,0
BRDA:200,35,1,0
BRDA:203,36,0,0
BRDA:203,36,1,0
BRDA:203,37,0,0
BRDA:203,37,1,0
BRDA:203,37,2,0
BRDA:211,38,0,0
BRDA:211,38,1,0
BRDA:223,39,0,0
BRDA:223,39,1,0
BRDA:225,40,0,0
BRDA:225,40,1,0
BRDA:228,41,0,0
BRDA:228,41,1,0
BRDA:230,42,0,0
BRDA:230,42,1,0
BRDA:230,43,0,0
BRDA:230,43,1,0
BRDA:230,43,2,0
BRDA:239,44,0,0
BRDA:239,44,1,0
BRDA:251,45,0,0
BRDA:251,45,1,0
BRDA:259,46,0,0
BRDA:259,46,1,0
BRF:99
BRH:0
end_of_record
TN:
SF:helpers\licencesDB\updateLocation.js
FN:6,(anonymous_0)
FNF:1
FNH:0
FNDA:0,(anonymous_0)
DA:2,1
DA:3,1
DA:4,1
DA:5,1
DA:6,1
DA:7,0
DA:8,0
DA:9,0
DA:23,0
DA:24,0
LF:10
LH:5
BRDA:22,0,0,0
BRDA:22,0,1,0
BRDA:22,1,0,0
BRDA:22,1,1,0
BRF:4
BRH:0
end_of_record
TN:
SF:helpers\licencesDB\updateOrganizationBankRecord.js
FN:7,(anonymous_0)
FNF:1
FNH:0
FNDA:0,(anonymous_0)
DA:2,1
DA:3,1
DA:4,1
DA:5,1
DA:6,1
DA:7,1
DA:8,0
DA:9,0
DA:10,0
DA:20,0
DA:21,0
LF:11
LH:6
BRDA:19,0,0,0
BRDA:19,0,1,0
BRF:2
BRH:0
end_of_record
TN:
SF:helpers\licencesDB\updateOrganizationRepresentative.js
FN:6,(anonymous_0)
FNF:1
FNH:0
FNDA:0,(anonymous_0)
DA:2,1
DA:3,1
DA:4,1
DA:5,1
DA:6,1
DA:7,0
DA:8,0
DA:22,0
DA:23,0
DA:38,0
LF:10
LH:5
BRF:0
BRH:0
end_of_record
TN:
SF:helpers\licencesDB\voidTransaction.js
FN:8,(anonymous_0)
FNF:1
FNH:0
FNDA:0,(anonymous_0)
DA:2,1
DA:3,1
DA:4,1
DA:5,1
DA:6,1
DA:7,1
DA:8,1
DA:9,0
DA:10,0
DA:17,0
DA:18,0
DA:25,0
DA:26,0
DA:27,0
DA:29,0
DA:30,0
LF:16
LH:7
BRDA:26,0,0,0
BRDA:26,0,1,0
BRDA:26,1,0,0
BRDA:26,1,1,0
BRF:4
BRH:0
end_of_record
TN:
SF:helpers\usersDB\createUser.js
FN:9,(anonymous_0)
FNF:1
FNH:0
FNDA:0,(anonymous_0)
DA:2,1
DA:3,1
DA:4,1
DA:5,1
DA:6,1
DA:7,1
DA:8,1
DA:9,1
DA:10,0
DA:11,0
DA:12,0
DA:13,0
DA:17,0
DA:18,0
DA:19,0
DA:20,0
DA:22,0
DA:29,0
DA:34,0
DA:39,0
LF:20
LH:8
BRDA:17,0,0,0
BRDA:17,0,1,0
BRDA:18,1,0,0
BRDA:18,1,1,0
BRF:4
BRH:0
end_of_record
TN:
SF:helpers\usersDB\generateNewPassword.js
FN:9,(anonymous_0)
FNF:1
FNH:0
FNDA:0,(anonymous_0)
DA:2,1
DA:3,1
DA:4,1
DA:5,1
DA:6,1
DA:7,1
DA:8,1
DA:9,1
DA:10,0
DA:11,0
DA:12,0
DA:13,0
DA:17,0
DA:18,0
LF:14
LH:8
BRF:0
BRH:0
end_of_record
TN:
SF:helpers\usersDB\getAllUsers.js
FN:6,(anonymous_0)
FNF:1
FNH:1
FNDA:1,(anonymous_0)
DA:2,1
DA:3,1
DA:4,1
DA:5,1
DA:6,1
DA:7,1
DA:10,1
DA:15,1
DA:16,1
LF:9
LH:9
BRF:0
BRH:0
end_of_record
TN:
SF:helpers\usersDB\getUser.js
FN:9,(anonymous_0)
FNF:1
FNH:0
FNDA:0,(anonymous_0)
DA:2,1
DA:3,1
DA:4,1
DA:5,1
DA:6,1
DA:7,1
DA:8,1
DA:9,1
DA:10,0
DA:11,0
DA:15,0
DA:16,0
DA:17,0
DA:18,0
DA:19,0
DA:20,0
DA:22,0
DA:23,0
DA:24,0
DA:25,0
DA:26,0
DA:32,0
DA:34,0
DA:35,0
DA:36,0
DA:38,0
DA:39,0
DA:40,0
DA:41,0
DA:43,0
DA:44,0
DA:45,0
DA:47,0
DA:48,0
DA:49,0
DA:53,0
DA:54,0
DA:55,0
DA:56,0
DA:60,0
DA:61,0
DA:63,0
DA:64,0
DA:67,0
DA:68,0
LF:45
LH:8
BRDA:15,0,0,0
BRDA:15,0,1,0
BRDA:17,1,0,0
BRDA:17,1,1,0
BRDA:19,2,0,0
BRDA:19,2,1,0
BRDA:22,3,0,0
BRDA:22,3,1,0
BRDA:34,4,0,0
BRDA:34,4,1,0
BRDA:40,5,0,0
BRDA:40,5,1,0
BRDA:43,6,0,0
BRDA:43,6,1,0
BRDA:56,7,0,0
BRDA:56,7,1,0
BRDA:56,7,2,0
BRDA:56,7,3,0
BRF:18
BRH:0
end_of_record
TN:
SF:helpers\usersDB\getUserProperties.js
FN:7,(anonymous_0)
FNF:1
FNH:0
FNDA:0,(anonymous_0)
DA:2,1
DA:3,1
DA:4,1
DA:5,1
DA:6,1
DA:7,1
DA:8,0
DA:11,0
DA:12,0
DA:16,0
DA:17,0
DA:19,0
DA:20,0
LF:13
LH:6
BRF:0
BRH:0
end_of_record
TN:
SF:helpers\usersDB\inactivateUser.js
FN:6,(anonymous_0)
FNF:1
FNH:0
FNDA:0,(anonymous_0)
DA:2,1
DA:3,1
DA:4,1
DA:5,1
DA:6,1
DA:7,0
DA:8,0
DA:13,0
DA:14,0
LF:9
LH:5
BRF:0
BRH:0
end_of_record
TN:
SF:helpers\usersDB\tryResetPassword.js
FN:8,(anonymous_0)
FNF:1
FNH:0
FNDA:0,(anonymous_0)
DA:2,1
DA:3,1
DA:4,1
DA:5,1
DA:6,1
DA:7,1
DA:8,1
DA:9,0
DA:10,0
DA:14,0
DA:15,0
DA:16,0
DA:21,0
DA:22,0
DA:23,0
DA:24,0
DA:29,0
DA:30,0
DA:34,0
DA:35,0
LF:20
LH:7
BRDA:14,0,0,0
BRDA:14,0,1,0
BRDA:22,1,0,0
BRDA:22,1,1,0
BRF:4
BRH:0
end_of_record
TN:
SF:helpers\usersDB\updateUser.js
FN:6,(anonymous_0)
FNF:1
FNH:0
FNDA:0,(anonymous_0)
DA:2,1
DA:3,1
DA:4,1
DA:5,1
DA:6,1
DA:7,0
DA:8,0
DA:14,0
DA:15,0
LF:9
LH:5
BRF:0
BRH:0
end_of_record
TN:
SF:helpers\usersDB\updateUserProperty.js
FN:6,(anonymous_0)
FNF:1
FNH:0
FNDA:0,(anonymous_0)
DA:2,1
DA:3,1
DA:4,1
DA:5,1
DA:6,1
DA:7,0
DA:9,0
DA:10,0
DA:16,0
DA:21,0
DA:22,0
LF:11
LH:5
BRDA:9,0,0,0
BRDA:9,0,1,0
BRF:2
BRH:0
end_of_record
TN:
SF:routes\admin.js
FNF:0
FNH:0
DA:2,1
DA:3,1
DA:4,1
DA:5,1
DA:6,1
DA:7,1
DA:8,1
DA:9,1
DA:10,1
DA:11,1
DA:12,1
DA:13,1
DA:14,1
DA:15,1
DA:16,1
DA:17,1
DA:18,1
DA:19,1
DA:20,1
DA:21,1
DA:22,1
DA:23,1
LF:22
LH:22
BRF:0
BRH:0
end_of_record
TN:
SF:routes\dashboard.js
FN:7,(anonymous_0)
FN:15,(anonymous_1)
FNF:2
FNH:0
FNDA:0,(anonymous_0)
FNDA:0,(anonymous_1)
DA:2,1
DA:3,1
DA:4,1
DA:5,1
DA:6,1
DA:7,1
DA:8,0
DA:9,0
DA:14,1
DA:15,1
DA:16,0
DA:25,1
LF:12
LH:9
BRF:0
BRH:0
end_of_record
TN:
SF:routes\docs.js
FN:10,(anonymous_0)
FN:13,(anonymous_1)
FN:16,(anonymous_2)
FNF:3
FNH:0
FNDA:0,(anonymous_0)
FNDA:0,(anonymous_1)
FNDA:0,(anonymous_2)
DA:2,1
DA:3,1
DA:4,1
DA:5,1
DA:6,1
DA:7,1
DA:8,1
DA:9,1
DA:10,1
DA:11,0
DA:13,1
DA:14,0
DA:15,0
DA:16,0
DA:17,0
DA:18,0
DA:19,0
DA:21,0
DA:22,0
DA:39,1
LF:20
LH:11
BRDA:15,0,0,0
BRDA:15,0,1,0
BRDA:17,1,0,0
BRDA:17,1,1,0
BRF:4
BRH:0
end_of_record
TN:
SF:routes\events.js
FN:10,(anonymous_0)
FN:17,(anonymous_1)
FN:20,(anonymous_2)
FN:25,(anonymous_3)
FN:34,(anonymous_4)
FN:41,(anonymous_5)
FN:46,(anonymous_6)
FN:50,(anonymous_7)
FN:67,(anonymous_8)
FN:71,(anonymous_9)
FN:75,(anonymous_10)
FN:99,(anonymous_11)
FNF:12
FNH:0
FNDA:0,(anonymous_0)
FNDA:0,(anonymous_1)
FNDA:0,(anonymous_2)
FNDA:0,(anonymous_3)
FNDA:0,(anonymous_4)
FNDA:0,(anonymous_5)
FNDA:0,(anonymous_6)
FNDA:0,(anonymous_7)
FNDA:0,(anonymous_8)
FNDA:0,(anonymous_9)
FNDA:0,(anonymous_10)
FNDA:0,(anonymous_11)
DA:2,1
DA:3,1
DA:4,1
DA:5,1
DA:6,1
DA:7,1
DA:8,1
DA:9,1
DA:10,1
DA:11,0
DA:12,0
DA:17,1
DA:18,0
DA:20,1
DA:21,0
DA:25,1
DA:26,0
DA:27,0
DA:28,0
DA:29,0
DA:30,0
DA:31,0
DA:32,0
DA:34,1
DA:35,0
DA:36,0
DA:41,1
DA:42,0
DA:46,1
DA:47,0
DA:48,0
DA:50,1
DA:51,0
DA:52,0
DA:53,0
DA:54,0
DA:55,0
DA:56,0
DA:57,0
DA:58,0
DA:59,0
DA:67,1
DA:68,0
DA:69,0
DA:71,1
DA:72,0
DA:73,0
DA:75,1
DA:76,0
DA:77,0
DA:83,0
DA:85,0
DA:86,0
DA:87,0
DA:93,0
DA:99,1
DA:100,0
DA:101,0
DA:107,0
DA:109,0
DA:110,0
DA:116,0
DA:117,0
DA:118,0
DA:124,0
DA:131,1
DA:132,1
DA:133,1
DA:134,1
LF:69
LH:24
BRDA:62,0,0,0
BRDA:62,0,1,0
BRDA:76,1,0,0
BRDA:76,1,1,0
BRDA:86,2,0,0
BRDA:86,2,1,0
BRDA:100,3,0,0
BRDA:100,3,1,0
BRDA:109,4,0,0
BRDA:109,4,1,0
BRDA:109,5,0,0
BRDA:109,5,1,0
BRDA:117,6,0,0
BRDA:117,6,1,0
BRF:14
BRH:0
end_of_record
TN:
SF:routes\licences.js
FN:22,(anonymous_0)
FN:29,(anonymous_1)
FN:33,(anonymous_2)
FN:41,(anonymous_3)
FNF:4
FNH:0
FNDA:0,(anonymous_0)
FNDA:0,(anonymous_1)
FNDA:0,(anonymous_2)
FNDA:0,(anonymous_3)
DA:2,1
DA:3,1
DA:4,1
DA:5,1
DA:6,1
DA:7,1
DA:8,1
DA:9,1
DA:10,1
DA:11,1
DA:12,1
DA:13,1
DA:14,1
DA:15,1
DA:16,1
DA:17,1
DA:18,1
DA:19,1
DA:20,1
DA:21,1
DA:22,1
DA:23,0
DA:27,1
DA:28,1
DA:29,1
DA:30,0
DA:32,1
DA:33,1
DA:34,0
DA:36,1
DA:40,1
DA:41,1
DA:42,0
DA:43,0
DA:44,0
DA:45,0
DA:48,0
DA:51,1
DA:52,1
DA:53,1
DA:54,1
DA:55,1
DA:56,1
DA:57,1
DA:58,1
DA:59,1
DA:60,1
DA:61,1
LF:48
LH:40
BRDA:44,0,0,0
BRDA:44,0,1,0
BRDA:45,1,0,0
BRDA:45,1,1,0
BRF:4
BRH:0
end_of_record
TN:
SF:routes\locations.js
FN:16,(anonymous_0)
FNF:1
FNH:0
FNDA:0,(anonymous_0)
DA:2,1
DA:3,1
DA:4,1
DA:5,1
DA:6,1
DA:7,1
DA:8,1
DA:9,1
DA:10,1
DA:11,1
DA:12,1
DA:13,1
DA:14,1
DA:15,1
DA:16,1
DA:17,0
DA:21,1
DA:22,1
DA:23,1
DA:24,1
DA:25,1
DA:26,1
DA:27,1
DA:28,1
DA:29,1
DA:30,1
DA:31,1
DA:32,1
LF:28
LH:27
BRF:0
BRH:0
end_of_record
TN:
SF:routes\login.js
FN:6,(anonymous_0)
FN:33,(anonymous_1)
FN:47,(anonymous_2)
FNF:3
FNH:0
FNDA:0,(anonymous_0)
FNDA:0,(anonymous_1)
FNDA:0,(anonymous_2)
DA:2,1
DA:3,1
DA:4,1
DA:5,1
DA:6,1
DA:7,0
DA:28,0
DA:30,0
DA:32,1
DA:34,0
DA:35,0
DA:36,0
DA:37,0
DA:40,0
DA:48,0
DA:49,0
DA:50,0
DA:51,0
DA:52,0
DA:53,0
DA:54,0
DA:57,0
DA:64,1
LF:23
LH:7
BRDA:6,0,0,0
BRDA:7,1,0,0
BRDA:7,1,1,0
BRDA:7,1,2,0
BRDA:7,1,3,0
BRDA:7,1,4,0
BRDA:7,1,5,0
BRDA:7,1,6,0
BRDA:7,1,7,0
BRDA:7,1,8,0
BRDA:7,1,9,0
BRDA:7,1,10,0
BRDA:7,1,11,0
BRDA:7,1,12,0
BRDA:7,1,13,0
BRDA:7,1,14,0
BRDA:7,1,15,0
BRDA:7,1,16,0
BRDA:7,1,17,0
BRDA:7,1,18,0
BRDA:7,1,19,0
BRDA:35,2,0,0
BRDA:35,2,1,0
BRDA:35,3,0,0
BRDA:35,3,1,0
BRDA:36,4,0,0
BRDA:36,4,1,0
BRDA:52,5,0,0
BRDA:52,5,1,0
BRF:29
BRH:0
end_of_record
TN:
SF:routes\organizations.js
FN:26,(anonymous_0)
FN:35,(anonymous_1)
FN:39,(anonymous_2)
FN:51,(anonymous_3)
FN:57,(anonymous_4)
FN:75,(anonymous_5)
FN:96,(anonymous_6)
FN:102,(anonymous_7)
FN:118,(anonymous_8)
FN:141,(anonymous_9)
FN:147,(anonymous_10)
FN:155,(anonymous_11)
FN:170,(anonymous_12)
FN:197,(anonymous_13)
FN:215,(anonymous_14)
FN:238,(anonymous_15)
FN:249,(anonymous_16)
FNF:17
FNH:0
FNDA:0,(anonymous_0)
FNDA:0,(anonymous_1)
FNDA:0,(anonymous_2)
FNDA:0,(anonymous_3)
FNDA:0,(anonymous_4)
FNDA:0,(anonymous_5)
FNDA:0,(anonymous_6)
FNDA:0,(anonymous_7)
FNDA:0,(anonymous_8)
FNDA:0,(anonymous_9)
FNDA:0,(anonymous_10)
FNDA:0,(anonymous_11)
FNDA:0,(anonymous_12)
FNDA:0,(anonymous_13)
FNDA:0,(anonymous_14)
FNDA:0,(anonymous_15)
FNDA:0,(anonymous_16)
DA:2,1
DA:3,1
DA:4,1
DA:5,1
DA:6,1
DA:7,1
DA:8,1
DA:9,1
DA:10,1
DA:11,1
DA:12,1
DA:13,1
DA:14,1
DA:15,1
DA:16,1
DA:17,1
DA:18,1
DA:19,1
DA:20,1
DA:21,1
DA:22,1
DA:23,1
DA:24,1
DA:25,1
DA:26,1
DA:27,0
DA:31,1
DA:32,1
DA:33,1
DA:34,1
DA:35,1
DA:36,0
DA:37,0
DA:39,1
DA:40,0
DA:41,0
DA:42,0
DA:44,0
DA:45,0
DA:50,1
DA:51,1
DA:52,0
DA:53,0
DA:54,0
DA:56,1
DA:57,1
DA:58,0
DA:59,0
DA:61,0
DA:62,0
DA:63,0
DA:69,0
DA:75,1
DA:76,0
DA:77,0
DA:79,0
DA:80,0
DA:81,0
DA:82,0
DA:83,0
DA:89,0
DA:95,1
DA:96,1
DA:97,0
DA:98,0
DA:99,0
DA:101,1
DA:102,1
DA:103,0
DA:104,0
DA:106,0
DA:107,0
DA:108,0
DA:109,0
DA:115,0
DA:118,1
DA:119,0
DA:120,0
DA:122,0
DA:123,0
DA:124,0
DA:125,0
DA:126,0
DA:127,0
DA:134,0
DA:140,1
DA:141,1
DA:142,0
DA:143,0
DA:144,0
DA:145,0
DA:147,1
DA:148,0
DA:149,0
DA:151,1
DA:152,1
DA:153,1
DA:154,1
DA:155,1
DA:156,0
DA:157,0
DA:158,0
DA:160,0
DA:170,1
DA:171,0
DA:172,0
DA:174,0
DA:175,0
DA:176,0
DA:182,0
DA:183,0
DA:184,0
DA:190,0
DA:197,1
DA:198,0
DA:199,0
DA:201,0
DA:202,0
DA:203,0
DA:209,0
DA:215,1
DA:216,0
DA:217,0
DA:219,0
DA:220,0
DA:221,0
DA:227,0
DA:233,1
DA:234,1
DA:235,1
DA:236,1
DA:237,1
DA:238,1
DA:239,0
DA:240,0
DA:242,0
DA:243,0
DA:244,0
DA:245,0
DA:249,1
DA:250,0
DA:251,0
DA:253,0
DA:254,0
DA:255,0
DA:256,0
DA:260,1
LF:147
LH:60
BRDA:40,0,0,0
BRDA:40,0,1,0
BRDA:58,1,0,0
BRDA:58,1,1,0
BRDA:62,2,0,0
BRDA:62,2,1,0
BRDA:76,3,0,0
BRDA:76,3,1,0
BRDA:82,4,0,0
BRDA:82,4,1,0
BRDA:103,5,0,0
BRDA:103,5,1,0
BRDA:107,6,0,0
BRDA:107,6,1,0
BRDA:119,7,0,0
BRDA:119,7,1,0
BRDA:125,8,0,0
BRDA:125,8,1,0
BRDA:156,9,0,0
BRDA:156,9,1,0
BRDA:171,10,0,0
BRDA:171,10,1,0
BRDA:174,11,0,0
BRDA:174,11,1,0
BRDA:183,12,0,0
BRDA:183,12,1,0
BRDA:198,13,0,0
BRDA:198,13,1,0
BRDA:202,14,0,0
BRDA:202,14,1,0
BRDA:216,15,0,0
BRDA:216,15,1,0
BRDA:220,16,0,0
BRDA:220,16,1,0
BRDA:239,17,0,0
BRDA:239,17,1,0
BRDA:250,18,0,0
BRDA:250,18,1,0
BRF:38
BRH:0
end_of_record
TN:
SF:routes\reports.js
FN:8,(anonymous_0)
FN:15,(anonymous_1)
FNF:2
FNH:0
FNDA:0,(anonymous_0)
FNDA:0,(anonymous_1)
DA:2,1
DA:3,1
DA:4,1
DA:5,1
DA:6,1
DA:7,1
DA:8,1
DA:9,0
DA:10,0
DA:15,1
DA:16,0
DA:17,0
DA:18,0
DA:19,0
DA:21,0
DA:22,0
DA:24,0
DA:57,0
DA:58,0
DA:59,0
DA:60,0
DA:63,0
DA:64,0
DA:66,0
DA:76,0
DA:78,0
DA:84,0
DA:86,0
DA:92,0
DA:94,0
DA:95,0
DA:97,0
DA:105,0
DA:106,0
DA:108,0
DA:109,0
DA:111,0
DA:118,0
DA:119,0
DA:121,0
DA:122,0
DA:124,0
DA:125,0
DA:126,0
DA:127,0
DA:129,0
DA:130,0
DA:132,0
DA:133,0
DA:134,0
DA:136,0
DA:137,0
DA:139,0
DA:142,0
DA:143,0
DA:145,0
DA:148,0
DA:149,0
DA:151,0
DA:164,0
DA:166,0
DA:167,0
DA:169,0
DA:183,0
DA:184,0
DA:186,0
DA:187,0
DA:189,0
DA:196,0
DA:197,0
DA:199,0
DA:200,0
DA:202,0
DA:208,0
DA:209,0
DA:211,0
DA:217,0
DA:218,0
DA:220,0
DA:221,0
DA:223,0
DA:233,0
DA:234,0
DA:236,0
DA:254,0
DA:255,0
DA:257,0
DA:275,0
DA:276,0
DA:278,0
DA:279,0
DA:280,0
DA:282,0
DA:283,0
DA:284,0
DA:285,0
DA:286,0
DA:288,1
LF:98
LH:9
BRDA:19,0,0,0
BRDA:19,0,1,0
BRDA:19,0,2,0
BRDA:19,0,3,0
BRDA:19,0,4,0
BRDA:19,0,5,0
BRDA:19,0,6,0
BRDA:19,0,7,0
BRDA:19,0,8,0
BRDA:19,0,9,0
BRDA:19,0,10,0
BRDA:19,0,11,0
BRDA:19,0,12,0
BRDA:19,0,13,0
BRDA:19,0,14,0
BRDA:19,0,15,0
BRDA:19,0,16,0
BRDA:19,0,17,0
BRDA:19,0,18,0
BRDA:19,0,19,0
BRDA:19,0,20,0
BRDA:19,0,21,0
BRDA:19,0,22,0
BRDA:19,0,23,0
BRDA:19,0,24,0
BRDA:19,0,25,0
BRDA:19,0,26,0
BRDA:19,0,27,0
BRDA:19,0,28,0
BRDA:278,1,0,0
BRDA:278,1,1,0
BRF:31
BRH:0
end_of_record
